2 296 20
2 168 143
3 85 139 55
4 249 250 120 122
2 212 289
4 108 34 142 51
3 87 261 251
2 75 22
4 164 207 28 231
2 41 166
2 80 61
5 103 281 198 228 193
3 259 18 90
3 275 194 230
3 184 113 38
2 294 269
3 148 178 23
2 127 238
2 161 297
3 13 47 173
5 162 257 171 147 130
4 203 8 32 215
2 95 91
4 213 154 189 280
2 260 56
2 88 84
3 156 252 232
2 285 160
4 159 137 99 255
3 276 151 157
3 290 262 117
3 62 195 254
2 133 132
3 110 233 30
5 72 146 298 44 264
4 271 241 1 192
2 15 191
3 63 246 270
2 92 186
4 282 49 35 187
4 96 135 57 267
2 68 299
3 242 208 183
4 185 27 14 66
3 273 129 175
4 121 40 77 274
2 107 128
4 12 83 220 118
2 111 123
2 243 124
2 141 73
2 265 190
3 112 7 93
5 114 295 67 37 199
3 10 239 263
2 59 278
3 245 102 29
2 256 153
3 11 177 2
2 181 138
1 244
3 74 227 145
3 293 283 26
4 258 70 237 165
2 101 64
4 224 266 109 229
2 288 134
3 226 217 291
3 196 247 268
2 214 182
3 152 279 222
2 119 236
3 21 209 0
3 201 240 45
1 284
4 106 60 225 46
3 19 78 31
3 150 197 211
3 136 144 253
2 98 100
3 170 5 17
4 48 210 158 169
3 219 79 172
3 105 97 3
3 125 94 287
4 89 42 202 248
4 43 82 69 53
2 205 76
3 272 81 286
4 16 223 174 188
3 25 4 71
3 218 6 115
3 126 277 163
2 104 24
3 39 292 9
4 204 58 200 52
3 131 155 176
2 140 235
2 50 86
2 206 149
