16 7957 7444 3767 6505 3376 8234 3764 7264 3179 8208 3037 1801 8707 7413 3500 8087
9 1776 5554 3802 7785 832 4584 9287 8994 3229
28 6663 9252 9035 5023 7100 6396 1314 8565 3747 9447 8591 4382 4874 3521 3452 4102 2367 9726 8619 6287 204 6285 5846 5485 1581 6943 6819 1293
37 519 8736 8586 6420 7683 6251 9833 4965 2525 2661 9889 5909 8293 1907 490 6713 2938 7384 7689 5396 9244 6847 9211 2872 3023 9662 3166 4627 8894 1219 6770 1350 3983 1966 3559 8898 7161
10 8758 3554 2164 4958 8743 2043 8004 3999 2528 9569
23 9679 5710 5541 7284 6463 8288 2268 4454 34 8584 1989 4501 9522 3497 5331 3806 5947 960 8144 9010 6334 1699 811
21 4058 8376 8348 7312 9151 7769 5951 5702 1220 6915 7222 6641 4420 6511 2795 9266 314 2046 9714 9383 3929
24 7929 9544 326 8835 141 5511 9537 2346 3027 2549 1678 7658 1440 2002 6487 3189 6074 4313 5814 4516 1641 5159 3652 2238
14 2061 4781 5890 1252 6069 8462 596 9232 1159 8231 3002 5204 3688 2770
24 7913 584 4293 9085 4906 970 7551 2004 3299 5183 5530 5736 625 6792 6640 9857 2435 4129 2391 1938 540 6546 8674 3286
36 2316 7704 9087 4502 7874 6537 381 4372 2790 2377 1710 9928 9133 9106 7368 6495 4533 6905 1034 6600 2892 2306 9066 9125 1091 9502 6335 6725 705 4728 1586 6365 4904 6266 9915 939
24 7401 3384 4673 7684 6156 4626 8649 8438 6376 8221 703 2672 5456 605 9856 6704 4142 4380 1144 650 176 2767 7235 3588
24 9449 3784 7120 2959 5651 5420 1870 3813 1572 6225 5590 8469 3634 8287 9261 8455 4859 9521 49 4134 9486 447 1677 7182
26 5086 4546 5621 989 2904 9392 3949 4503 2394 617 1004 7872 8793 8416 3474 3973 6799 366 5349 2263 5132 4385 3467 5842 9841 6834
37 3371 7224 2216 7668 3938 5913 7096 2110 8505 9229 2037 6581 5391 9778 9490 9114 2213 5308 4978 7917 8252 6556 6736 3081 8896 9582 3324 3048 7257 9217 8142 6986 1234 8452 3863 9635 6467
23 9550 6172 2241 8755 5880 8749 2153 8817 7018 9835 9448 1477 3365 4222 1434 4239 1442 8663 755 4896 8717 3378 2840
13 6916 8262 3188 5091 7962 4412 911 7722 2321 3255 5923 5318 7173
32 5860 4112 8207 2518 5124 6066 5899 1152 3173 5526 688 6116 8343 3016 1316 6332 8436 1011 8889 2763 7258 7304 3954 5940 8762 6508 3040 3922 488 6693 4531 9281
38 117 7638 8198 4003 881 5234 5757 1281 7759 8151 4939 178 576 4594 9321 8502 8108 6447 6772 2364 4457 5320 6975 3841 4535 4036 2102 359 7652 7893 931 7033 4837 9525 2725 1427 2100 5046
6 1135 2177 6972 1403 8647 1758
25 6198 7129 2742 8653 2731 6749 3493 1067 9843 851 160 2980 110 8568 5200 8837 1517 526 8657 6788 8391 8735 1951 5408 8582
18 8703 661 6457 8546 6764 9846 8800 3124 4209 8296 10 6103 6726 1720 8127 7760 389 8543
22 3578 100 518 3686 2175 8281 7619 8498 3412 7063 6557 2493 7895 8483 7774 4229 8836 8724 301 8641 5293 2597
22 9675 2738 4196 7086 41 6825 9190 7988 8116 5062 2557 1589 1842 2766 6619 1286 7635 3234 973 7942 1036 4793
25 1040 1438 2074 9382 5557 6296 4034 2969 2948 21 8164 560 8017 5041 3709 5463 2491 4474 4791 9390 1731 3264 5508 5504 8377
24 3855 5369 9640 9743 4615 5437 4376 6238 1598 8567 1610 4030 9756 2050 1675 3914 1726 3626 4886 9461 3335 9558 4338 4124
30 375 2536 4686 5344 629 7232 5050 3394 4767 6921 9508 592 9919 8437 8268 3351 9183 2269 841 570 7775 4599 228 8943 296 4759 898 2492 8654 295
35 9888 9495 2198 3717 9002 8110 5888 5779 2556 691 4888 826 159 1431 7142 8741 9351 8549 5537 2148 5019 4878 974 6175 9119 7890 5126 6355 8949 6421 637 8168 8327 8057 6271
5 3654 7773 7519 1962 7441
32 1005 658 6053 2963 4704 1474 7253 6313 5228 105 3751 5033 4690 613 338 6983 356 232 2634 7179 5093 5498 7982 3662 5680 7242 4864 6108 8275 2998 7649 4538
11 7040 825 7430 2660 693 5328 2363 4061 2593 3945 7899
32 3444 1010 7870 2473 5303 2077 1491 8895 9553 6893 2229 9800 3428 9205 5502 2749 4429 9442 8197 2462 4572 4835 6687 6506 4581 2533 1076 2096 1356 2133 6514 5953
21 6695 4011 816 3873 7976 8162 8885 6215 5327 5022 1766 5762 1877 5788 5831 4391 1367 9690 9494 9811 638
30 273 2401 530 9464 3220 5914 6121 2568 2370 5188 8148 8446 2765 4590 1277 261 288 1727 6697 5850 8623 884 5346 9791 1360 4402 7694 8467 5127 218
38 4618 1625 6455 1508 9944 4541 9912 1302 8229 6196 6722 3292 4365 5417 4692 1342 5191 964 5258 5259 8161 3195 4513 4849 6887 4216 2249 1445 7660 2460 7343 8398 8216 3931 6073 7714 6210 8131
22 7952 9267 6493 6360 1792 4920 5783 8785 4665 9262 9964 8970 886 896 599 4104 9222 9270 1073 6138 8824 6644
34 3555 6875 9666 4705 4493 5169 8642 5866 1557 1979 138 8324 893 2935 3593 4851 2144 1551 3828 5981 9661 6318 5639 6709 3927 2111 3187 5467 4269 5894 4079 8541 3679 616
27 4150 8786 2784 8719 244 5233 9335 5249 6829 2215 94 9510 7858 7514 5528 191 4253 555 8499 8666 8090 2730 107 1191 7436 4883 9117
17 8962 6752 9813 8303 3635 9315 4999 747 9294 9676 7977 7814 82 8332 5865 3043 3458
21 2869 7355 2919 581 183 9092 9055 1017 7644 3357 5897 5129 9692 3978 9703 7374 2277 9387 6931 8331 3880
30 920 7379 8146 5941 1176 8316 8160 6389 7361 9075 6622 6437 1897 3847 8009 618 6612 6948 4460 905 735 2471 571 4737 932 1552 1728 2806 4339 818
31 4855 8224 4405 7975 6244 9118 9375 775 1211 5070 646 9433 52 1179 912 5289 1840 8881 5943 1340 6854 5186 3820 3587 9892 8472 3350 1940 2318 1751 298
29 4307 9845 6307 3786 1201 5238 6657 7383 1461 3508 3251 2358 877 1827 305 1449 5 7607 5594 6278 9178 8655 8456 2353 3275 6717 9747 1865 4156
35 622 4830 5830 127 876 8521 3165 8485 9028 2921 412 7508 9534 793 3487 1322 8841 3913 2524 4517 9245 2687 478 2617 9399 7128 7688 79 9746 5737 3369 3780 9936 4790 4955
38 222 8277 3603 4141 8412 8667 4400 7830 7488 6848 7654 930 5582 7502 7440 1435 4442 8067 9331 663 8250 8248 7966 2295 4341 7970 9173 4672 44 2379 4288 6341 8195 8572 9484 662 794 1304
18 4637 3773 6245 4953 6261 2209 4971 2275 9101 9429 929 5770 4046 9837 9908 2939 9921 391
36 3988 6558 3510 7249 7710 895 156 3986 9612 8401 3623 1584 6201 8125 5734 7148 4487 8242 909 7735 4258 9435 676 8651 8241 5893 6214 9204 1608 351 5928 5617 7349 9169 9241 8947
38 6228 9289 1984 9477 2852 6024 3785 6727 6769 7564 8974 3672 5694 6234 7497 3756 8015 500 7333 2047 1828 1578 5618 6957 1542 4422 479 8100 5869 8251 8581 8320 5874 7772 1003 263 1006 8217
27 7862 6357 8033 3547 2713 5278 7645 5184 3392 1229 5512 8165 4316 525 4333 9531 9034 3900 1089 3889 1927 5531 8267 8923 9146 4451 9472
11 5885 5517 3539 5513 8753 4668 9439 8454 5811 4779 6060
18 4894 368 76 4000 9629 9866 5921 4678 3711 5493 6100 4287 5932 1202 8249 9765 464 136
39 24 6155 3821 2934 9576 7203 1352 799 2290 9089 6134 6067 6211 4282 1188 3561 7507 5353 5102 4614 5217 487 6027 7175 2088 5152 6400 5795 6369 4023 4447 8639 4230 792 5011 3965 8372 1001 9326
34 9216 7104 6473 4029 5503 3054 4099 9458 8860 2900 4986 6114 3499 6684 8450 485 1814 1914 916 7101 9548 9704 7832 8927 3385 2038 4763 2865 8802 6096 1619 7611 9818 795
39 7119 1637 7846 7082 47 5818 4409 5352 7698 7442 7041 1325 1282 8339 4871 1736 1756 8109 4330 7615 8916 9697 8115 9275 7653 3004 2662 3713 8678 3268 5447 6606 7369 2252 5661 9876 4332 4145 9536
30 1833 5698 5746 4207 448 2751 1738 3625 5767 4515 7189 4190 4621 4789 4210 7728 3336 4148 4680 8634 7084 3302 2807 9986 6007 8311 9850 3535 3110 142
37 4214 2523 8484 1111 6984 1460 6946 8058 1943 5610 4072 2498 6909 3127 463 9247 4979 6442 914 875 6483 3053 8922 941 2085 5412 2092 4757 2472 1899 6195 188 4795 749 6 4158 4103
29 734 908 9171 6587 1464 6883 5009 5372 3992 6963 3854 5104 4038 6444 1296 3613 6655 9621 5288 1505 5397 504 4972 5432 6573 7563 9499 5334 2848
21 4842 5654 1697 1 6618 7075 5801 8016 9342 1829 915 5726 9891 6501 1495 3957 8849 5499 8877 6470 8414
41 6961 699 8440 5636 5060 7085 9557 9045 7665 8030 2121 1875 2534 2314 6452 2051 4357 8547 8284 151 4549 77 3389 8006 3599 3353 6464 5898 8202 3831 1754 3600 5290 869 9203 1419 7618 6876 4 7533 757
7 961 3354 7110 5067 4361 1454 6613
22 2559 5572 3976 8309 802 6648 8259 7572 9652 8253 8077 6217 4563 9568 9956 3415 7297 7996 86 4606 840 7252
25 29 7677 4520 8407 6540 1918 3150 5728 7405 9807 1657 7378 681 7855 3401 3301 5085 9107 2372 1848 4808 4861 329 9215 3994
7 1664 8435 6756 5982 25 2114 3870
30 1978 9052 6430 378 1910 2966 8220 458 1428 3592 8126 2154 5532 11 6891 1123 8993 9946 6286 471 1056 7200 8751 8999 844 7603 2421 7906 6721 1212
37 5424 6877 3396 4228 3740 7162 1256 4384 6582 9822 9031 2548 2972 7907 8150 894 7090 3550 6730 9378 2461 732 8359 3139 8969 1834 5852 4754 5645 668 7961 3908 564 1258 5281 5224 2441
40 9283 8104 8832 5668 5107 7816 5962 8809 8610 1355 2374 2817 1787 3271 2042 3714 9072 9739 5052 4144 7708 9269 3360 4817 2027 5605 2616 5438 6071 3175 4375 1825 8205 9668 5937 1377 2138 6853 906 1009
31 372 8978 2118 3490 2605 9065 8795 5267 1864 7924 6548 6683 4043 4009 9706 239 6774 8247 678 8992 3920 4334 4738 3956 5081 3899 4783 5560 9787 8385 6127
37 3693 9733 9744 3068 164 7535 5996 5994 7344 9033 3731 3958 9474 1193 9584 3498 1800 9226 1681 7046 8010 2611 6124 2499 6471 8013 6162 7550 132 4169 6964 3653 5624 4589 5613 2976 2669
20 6724 9274 5089 6762 422 942 6652 1922 2740 1423 6666 2342 6049 8441 9280 2905 3304 5545 2243 9517
28 1888 7927 3991 9497 9951 4544 8244 4696 3505 1104 4625 4564 9328 9939 3072 2567 2834 3010 8886 628 1274 8744 323 3964 6598 2329 9614 5606
27 297 8566 7248 1221 5957 1272 6101 2033 9923 4356 4806 987 2924 9319 3450 7341 1956 6802 9443 9719 6616 9184 9454 1522 4951 3619 8850
33 541 8536 9657 9180 376 2180 2119 9159 7679 3261 4470 1264 281 255 6578 8264 4237 7076 8050 5333 2380 6646 919 8124 6449 6592 1173 3343 8282 4305 3719 4350 626
39 957 5006 5777 3108 4709 1232 397 3469 2667 7926 5101 6059 1688 7920 9593 7220 3295 5482 3567 7047 4739 1696 4619 8135 8041 743 5392 5884 6760 6797 8269 4132 440 2823 5459 2836 770 3838 6750
34 2986 8548 1908 4794 9042 32 7479 5036 5374 9952 8827 649 3782 4406 194 4125 2 7192 6862 3832 3201 4804 43 3577 7056 3485 8032 3479 4010 307 4390 469 7789 3402
29 9523 5744 8157 4666 2333 3462 6023 1994 8851 147 5642 3135 2402 7796 2478 694 2087 4567 6755 6707 8478 5807 8349 5843 7390 5644 6005 9129 5631
25 5649 7275 9195 946 2844 7305 3948 6920 3919 4152 534 1671 5257 6309 4478 4961 5820 6837 995 8635 16 6973 1312 2544 1254
28 8102 977 607 9062 3507 1062 7873 9574 6642 1416 2859 2595 2390 5292 4004 3961 1409 2553 393 7105 6889 8132 6193 6390 5806 7228 2456 5857
39 3030 3067 1233 7686 559 9492 7730 9972 9234 4195 2021 5140 2596 6908 7007 6679 512 9250 1767 2093 1171 5525 4597 6086 3344 1151 8443 5936 167 603 2723 9885 3868 9596 8925 7985 790 9577 3408
15 3149 4717 2434 9113 4464 3395 2936 3935 8844 8427 7294 6370 418 766 7601
11 3281 9768 9251 462 8074 3856 9651 4289 6754 3491 7093
18 4829 4159 6861 1026 6008 5360 4902 3337 8930 9081 1156 468 9343 6207 1983 994 1823 2049
23 445 720 2639 2217 1745 8695 8987 272 8801 3031 8550 3145 8986 6863 4025 4322 2563 8347 7675 5742 1028 6052 7700
5 6321 7061 9750 4911 8301
23 6039 2652 4335 8136 3763 8997 3939 3448 2242 7012 5118 4917 2475 9500 5671 3800 8295 2604 421 1147 9940 2691 3617
20 8395 1177 7337 9130 7453 3308 2728 205 4612 3563 3810 2001 8255 1172 5669 3681 9307 9507 8374 5697
28 268 206 1997 6402 7643 6280 4857 4792 5134 3621 1960 4892 2622 8491 5004 5810 3489 1920 3495 5805 9597 6738 7622 1615 5677 2650 835 1559
41 2008 5214 6711 2982 8188 3721 5620 2115 7503 4834 538 9998 3776 4062 5464 3339 3159 9142 453 2990 7353 6130 3316 5383 8936 7439 2222 426 3668 1032 2849 6408 7059 7290 4172 3571 4424 1958 1082 6507 4243
22 8840 7319 9926 6927 3807 8037 388 4764 3657 374 9566 7990 3142 2638 9308 3835 5272 7213 7776 9007 3644 5254
38 4143 3208 5856 150 8979 8747 1500 8421 3393 6338 2245 847 9268 5094 7987 4073 8344 2829 4173 3551 9162 8166 9389 5007 2646 1957 5648 346 1333 8558 6781 3803 4509 5749 9467 5889 8433 1558
22 5341 8192 6746 4521 6149 2405 6758 1650 1329 9839 6611 2674 6022 1225 6701 7676 7946 3274 3095 6715 6911 3347
36 3471 1635 7557 166 6647 9761 9710 6161 8804 5709 1715 2034 9694 1532 7588 4809 6785 6565 9091 8680 9416 5595 954 868 827 5066 373 6084 4462 9417 8983 1059 1812 5533 7151 5398
37 55 1530 8554 6356 2653 4605 9156 106 6374 8597 9659 1271 7715 9015 9000 4499 9785 9029 4136 3772 3077 3233 2062 2995 4578 1298 6362 287 1704 2575 4956 9257 7681 8279 7568 7467 5571
38 2912 2112 1777 2399 2059 3616 6216 6589 6962 3735 6041 4722 5630 1448 7573 3421 4899 9139 7788 7352 958 9153 7419 2155 179 4548 5030 2902 8625 5822 7251 1935 8858 7350 1141 2073 6559 8921
36 1269 8213 8774 8629 2470 6222 7693 6104 3155 8062 6930 8963 4747 889 754 7790 4730 1116 6996 1053 2476 2918 6632 6671 3911 4931 6383 3348 9426 1991 2594 913 6212 3126 5819 181
34 8342 1784 1090 8715 1674 2649 8823 2140 3122 2673 3746 5031 2665 5608 5310 7569 6391 3846 9950 2851 9533 9930 7217 9431 1025 4681 3912 5109 4240 5643 2120 6653 879 7458
33 8204 7553 5954 9735 3411 8059 8831 3685 4485 4749 5861 8273 1297 5933 1504 9299 8494 319 2383 7599 8627 1042 4106 6897 7285 4359 8954 5164 5607 6075 8358 1018 737
36 5598 4421 2440 1489 9795 6272 6742 2732 9263 2799 8990 6674 1096 3231 2958 918 1818 4682 1857 7417 5367 1136 9565 6937 3183 7841 6992 9814 5935 1336 3627 9427 8152 8580 2554 4177
21 8184 8300 8883 4443 9384 6122 3237 1402 2354 9425 5568 4946 3312 9413 7199 5784 289 7202 7042 3892 7825
6 7468 3774 5813 6534 1015 9638
7 9121 5071 9515 548 7035 9721 1207
37 157 2915 839 4245 6119 6247 5701 3974 671 7764 4130 1981 2694 2309 2621 5475 7024 5999 2721 9237 8081 813 6552 6812 7771 3582 9904 2744 9982 6826 4928 822 1074 5753 8138 9532 8690
23 8578 1944 2129 6939 9877 7385 1672 7124 1990 5802 577 4155 5492 1205 1270 522 9873 1213 5269 7831 7733 3480 5225
36 2576 2436 8426 6265 4205 1845 4703 1746 1311 8373 5803 4327 3874 2395 8560 4263 8814 9110 8299 3894 8672 3700 1485 6385 5196 8439 4975 6232 7589 5797 6046 9585 3950 2697 2880 3514
37 8520 209 9071 4645 2741 461 4798 7334 2796 2040 7493 6036 5804 3645 3967 4770 8199 3406 4188 8512 619 7201 309 1621 4526 4708 8465 2811 2146 1390 9036 1636 1663 4484 131 3522 5848
23 4495 951 6903 354 5291 8909 115 5995 2260 9482 2082 3221 5284 2344 9718 6142 3141 3805 5401 4870 8318 4740 4557
19 5245 1170 9483 5998 7741 8569 3526 9588 8907 3801 785 5776 2194 7833 1868 1158 6322 5294 5646
21 1563 5400 2846 5117 6682 4265 1824 4745 5430 1856 3642 5229 3517 8752 7827 4530 60 9220 8396 8120 4803
10 4687 2167 4028 4588 2045 9740 5190 1195 8404 6113
38 4346 3989 1313 9105 8173 572 2330 3867 6248 9849 7843 3691 2636 4942 6397 399 1471 6387 2159 6436 470 4097 1836 2381 8317 8045 9344 7828 62 6017 7431 1893 4444 6112 9650 7459 3825 8710
17 1735 3849 7867 439 6729 2997 8094 3524 9570 8023 6793 1626 2678 7214 3529 6881 7036
20 2941 7471 1830 8791 2250 6630 1947 1061 7967 9755 2256 3091 335 5448 3244 7003 9415 7426 1759 1022
39 9581 8449 2975 2132 3915 7019 8353 4101 9769 8575 9481 7777 6098 5211 8101 2898 1248 4784 5527 6165 9941 386 7528 8068 4748 752 2489 416 1126 4108 7423 3898 2764 4735 6958 845 6533 3204 8350
43 3103 8209 3779 9702 1685 3232 9832 5910 709 5576 4828 3905 7392 8760 8027 5247 9421 4711 4055 3436 1012 7935 4805 4369 8656 1622 363 7418 1894 1730 7050 7089 5338 8333 5673 9391 6440 955 1295 2280 962 8154 3380
29 4788 2642 233 9981 2086 9074 8871 2228 684 6617 9780 3101 6061 8689 3484 2911 3331 1124 6432 4238 3132 5509 269 5337 6107 9608 9369 6170 1929
33 585 4583 1100 277 1655 2686 871 1324 2011 853 3364 7445 3793 5394 3305 342 8103 4840 8746 4219 2431 8725 4076 8170 1839 8340 6095 1437 5750 9861 3298 6465 2163
10 2418 8047 8201 2450 2161 4126 1148 3134 6789 6185
37 8406 4935 7226 208 8806 6809 2235 5838 7456 6705 8659 7490 15 7894 6064 936 5314 6292 1328 9150 8842 7939 1769 8060 5175 2127 1397 4022 1571 1354 4616 4463 3942 4540 6241 170 3883
17 5161 874 476 943 1351 1878 7989 236 2878 2361 7310 2671 4408 1544 3928 2819 1139
23 5381 400 8021 2838 9595 3594 8609 6048 7916 3636 4249 6932 169 9911 1008 9370 6406 9881 9023 3473 4423 6960 7947
23 580 5113 6128 2937 3119 9209 8938 8605 5577 4342 1858 5774 5924 3486 4780 8369 1969 3046 4729 2457 8897 4281 4268
23 9979 1372 4807 9620 2952 4063 7856 2360 9687 4302 1393 5915 5780 8813 3953 5912 4926 6761 6275 7469 4354 9259 9918
27 7141 892 1276 3840 4016 8968 612 9170 2378 9699 2371 5195 2988 75 3109 3177 1987 8765 6236 8501 2098 5895 2458 4162 7496 1841 2322
14 8728 9109 1146 7147 2645 6459 7538 1145 8525 6033 6545 6072 2620 9997
5 7227 8422 9599 8424 4319
31 6160 7585 9469 7380 8766 7176 6737 7118 1912 6680 8186 7672 4060 7422 3065 7265 3061 9616 6938 2688 9924 5468 3706 6852 7421 1793 9606 7530 7008 6665 9860
13 2020 4761 7994 9377 7699 1788 9260 7606 7489 7163 2656 8308 3069
36 7640 8892 2455 4285 4867 7010 3904 4068 3044 9438 5486 7866 1612 8031 8307 6231 5640 8545 7755 517 8061 2903 1382 1926 4262 3481 7997 2484 3769 2347 664 3933 5960 9301 5735 5376
25 6424 902 4848 6550 1723 8419 5433 872 9143 4280 213 8354 9730 162 5111 7671 9174 4178 2707 3766 6311 6177 7524 1923 8022
6 7799 6849 364 8571 3837 7375
21 4644 674 7149 4272 4378 8177 2244 2945 7091 8822 6117 6561 3598 7852 6227 9201 7029 1216 8867 998 2818
29 8179 4706 2230 8040 6922 1628 4940 2967 9737 3194 5170 1891 7167 1389 3356 7879 9456 2644 8360 6077 7844 8778 9605 5363 7596 2812 5812 9396 9770
22 1866 1689 3017 6718 348 7685 6425 4555 2753 2600 6925 516 8218 1048 1499 5262 9278 3182 456 1357 3827 3388
7 2176 7362 2162 2625 8948 4844 8789
11 3457 2335 4349 8133 3778 3227 1700 1339 362 5265 7937
35 3743 7287 8274 3445 5025 6969 8876 7778 1937 6659 959 2835 6678 3925 4266 1882 2861 5925 8473 1932 7098 7674 1457 8905 2483 7545 1659 5588 36 1334 5515 1683 7748 4683 8185
33 5716 2512 7373 8574 8816 7465 2060 7191 1386 230 2292 4114 4617 8645 4821 6146 1980 5168 4647 8513 4565 9572 8738 2091 2572 7254 8230 9840 3488 7052 5239 7702 2203
12 9799 9191 4836 1143 4278 3907 9355 4919 6249 4868 240 5296
10 3321 2445 1623 7577 3576 3405 1084 1939 8980 4160
14 3647 3959 7623 8859 5781 6535 3683 9336 7964 4220 6664 398 6221 3618
10 7716 8599 5871 1669 3923 4140 4962 59 6494 3569
37 6456 3334 2031 4246 2651 782 5135 6346 5298 1016 1820 7822 857 3463 6820 2526 4852 3009 155 8863 8390 7313 114 4960 6841 5277 2427 7450 9772 4508 648 8636 762 6955 5474 7818 9916
23 3025 3362 7680 1519 4075 42 50 7107 1706 4524 5153 9745 3273 6934 3015 4702 7051 4189 9 7968 4490 4018 4987
20 489 9636 3830 9353 9064 4744 4872 6703 6367 7267 7592 280 3843 6140 6583 2619 5867 8371 1204 5682
22 9901 6208 7152 3105 5382 97 2320 1259 6898 4121 9103 434 4810 3045 5729 2785 1750 7280 9188 5546 6143 8430
38 7911 5727 1970 8346 9738 2527 8403 2404 9948 9842 6871 7931 8051 4552 9823 2769 7414 2737 5154 9671 4264 4440 3844 9594 3483 2757 1183 1400 9893 3720 7416 5148 3677 2157 6294 8001 7460 4374
34 6649 4648 4200 3073 2537 290 9345 5535 3789 9696 9364 922 7941 6333 2702 6301 934 4907 2397 5864 3372 4394 9368 1896 2099 2584 7170 4814 9984 3995 1287 6635 8870 1418
19 6965 1054 3966 5674 8772 2984 7922 2041 2578 2270 5632 4398 7614 852 9056 7647 586 6517 5891
31 5406 2147 1260 6503 1553 6132 353 3675 5700 544 4685 9934 8911 5097 5326 8025 3352 1068 4389 347 3771 8561 8011 2529 597 7283 8130 401 8043 5988 9829
20 3692 8902 1326 1797 1863 6380 3513 1250 8018 9809 2174 8064 3824 9883 1658 2583 4157 5855 8098 1020
25 61 6239 6192 8856 483 8989 23 1417 3736 9039 4015 3209 4271 5079 9590 2629 6136 145 756 5551 6569 1892 5666 1300 9796
14 7229 9869 1518 1729 708 5263 46 2797 9357 1494 4773 6386 8563 8397
29 2944 511 7245 4328 1476 2184 8819 5451 1198 3216 4211 7542 1513 1702 2631 1132 2532 4881 1072 385 6811 2733 5103 8966 9236 3834 5236 7359 3288
26 1993 2143 5626 8868 506 5627 3875 9647 7425 7457 524 7809 7707 3568 5330 2428 9501 6768 8256 1881 6394 1802 3287 901 828 1088
17 8420 4624 3116 6352 5799 7762 1686 7080 1541 9027 6571 5302 6240 7125 5597 3560 7813
14 2774 1605 4437 608 4027 9471 4967 5248 6019 6959 805 9937 3386 1019
31 6633 4875 7690 7246 8379 1733 3429 2693 9475 5123 4895 1639 1934 1101 2141 9420 9658 9983 859 6859 7802 1486 2485 1057 7388 7322 4765 2496 6388 9693 2463
13 5304 2718 1411 7470 6732 1085 1280 5264 4534 9622 5926 807 6997
15 8509 3601 8306 2923 2761 6328 7126 3020 7739 5688 6914 2411 1909 5230 4929
37 6913 1634 645 1106 3435 1660 659 1509 7415 9701 7918 8551 8935 4866 3282 5026 4669 4547 9547 8129 6813 7797 1965 745 9591 3223 4182 858 1153 5609 8964 630 2643 2908 6979 2172 2134
38 3008 9996 5359 4299 697 4659 1496 990 3062 552 9963 8631 3270 387 196 193 2468 9779 8745 589 6290 2299 985 3074 8812 3684 2668 8356 765 460 6194 2798 8866 265 5342 4778 7335 5629
24 583 2657 4657 3459 9186 7627 5106 3283 4234 1321 9009 9041 8702 7054 4994 5345 8384 8888 6057 6147 6998 7215 2922 5179
34 7877 3148 8370 1640 9634 152 5724 380 3732 7309 6716 660 9754 6379 4969 7630 9208 1781 7510 5243 7978 2284 450 1885 6314 2334 5633 1765 3725 9528 3248 7885 8082 1261
36 741 1593 2881 9575 9512 2626 3701 6805 7315 2407 2362 1110 6596 5452 8193 2366 7370 736 7389 575 9720 3606 9470 1444 5506 5181 5570 7908 9999 6417 2339 3533 2598 2170 2794 9374
22 4066 7230 3461 5955 9135 8768 6392 5426 4371 5566 5782 1844 8821 1404 9898 7821 6482 5431 5839 8156 2113 3850
26 4586 5990 8254 1121 1046 1527 7068 3057 1968 8112 1458 4498 5567 8691 3509 1140 4439 1231 2877 9189 6782 6118 685 1230 2410 5108
34 7318 5295 1843 9457 3117 5008 7316 2187 4937 1539 1946 1590 7006 6692 5172 2506 103 7860 6431 7960 6320 7543 7360 5542 2202 3096 9099 5676 5207 9931 2703 1479 8363 3969
9 6694 9927 8727 7930 7044 6991 56 1547 3097
28 6607 2942 7428 4973 3530 4274 4966 2220 1309 7837 9192 5879 5076 5305 8289 1624 1822 9213 7326 8621 1901 2236 53 8362 5490 5707 7522 722
36 5222 212 4450 5656 704 9546 9264 9265 5317 9157 1396 6179 4777 6353 8428 1566 7273 5956 2560 7549 8875 4254 6295 7518 33 5121 7437 2734 9340 2013 7717 4752 797 1306 9172 2208
17 8564 9586 9685 6078 3970 4318 2543 3532 1480 2893 3859 2933 1772 5587 9914 9519 8612
29 7088 4153 7239 92 1299 6956 1631 4675 862 9026 8976 8903 5139 7594 5561 600 1345 8286 9312 1405 6766 7639 4199 99 8515 6621 1118 669 2286
23 5343 513 9627 8351 6771 4291 1459 843 6476 9288 5422 163 5373 133 5385 2955 4459 8246 6105 6560 3788 2951 1961
29 8675 6924 6410 1529 4561 8532 2960 7819 5575 7505 72 545 1265 6564 226 9825 2071 192 7022 8389 1039 38 966 3971 7154 1425 430 590 465
19 6912 8951 1774 515 5715 9080 1262 7137 5980 1851 9455 838 5961 466 7878 6300 4570 8606 321
33 2327 1240 7236 2173 9817 4353 8026 403 3584 2599 2805 2546 8748 3052 6020 5080 9224 4571 687 9437 9161 4576 6050 4797 4298 345 7204 3676 2914 4649 234 3858 3589
24 1528 6851 565 8285 5892 9116 9628 454 3477 8788 9083 8914 8196 2953 9995 4943 8053 2726 8095 4161 6323 108 9993 343
7 8227 9021 3106 8046 5685 6035 6518
17 8965 7754 3214 3158 829 2569 5488 8355 3876 8577 9922 5972 8602 4286 2608 4069 2130
9 9291 9852 4107 5158 3169 382 3341 6686 4476
36 8271 2957 435 3502 9872 9450 2240 7555 6638 3531 2304 2842 4879 2095 9826 2332 8906 8140 1075 4660 6264 6620 7400 1361 7838 5378 2255 6524 1063 9008 3423 5410 2888 5051 8538 5714
20 9411 5562 6182 3449 4787 4985 9682 4915 1749 9218 2003 139 3881 8052 1936 1808 4983 9552 3518 5538
24 3708 3326 2614 8673 8729 5747 682 1358 824 4771 6030 9959 2579 8206 8733 5266 8880 2962 1184 783 3762 5817 1472 8163
30 8189 1142 7876 2178 2480 6446 8111 5208 4712 2913 7706 4452 2420 3943 4655 3382 9098 781 143 9197 3882 4743 6895 1129 5460 3734 2423 1341 431 4292
21 9187 8020 1208 5684 5350 5484 6488 2348 2186 8121 972 7974 7345 7667 631 7157 6092 788 8934 7432 4799
17 6115 6255 2338 1223 9314 2681 5660 3082 9276 4441 5853 7909 5851 642 3252 8910 4013
36 3168 5189 6804 6021 7172 595 4930 7256 3752 8686 3085 1392 4087 6181 6602 7521 8961 3330 3738 186 217 2190 798 8697 3822 8084 6976 2488 4812 4458 5435 9024 7896 5900 2408 8375
28 1194 7180 5156 4481 1365 7882 1215 6672 8820 1441 4163 6971 5725 776 9444 3924 9722 17 1789 4360 3890 1112 3310 6685 9095 8490 8556 8210
9 9670 2422 9012 7579 172 992 1376 5975 5059
36 610 2495 7116 2999 4139 5088 956 5064 8542 1523 402 8721 1924 8460 4096 257 6171 2700 7504 2396 5524 6169 888 1632 336 3804 988 7053 4037 6302 2550 251 5209 2224 5821 247
17 8086 2928 4233 5054 6744 6178 836 8593 8049 7536 3917 6990 1925 7835 496 4321 5825
33 4098 9890 8382 3319 3468 9871 867 8028 9539 6218 7724 8562 2729 2065 2437 2016 5558 3590 3519 591 5873 4609 1244 7317 7300 5283 8341 8468 8834 7991 3111 5390 9476
19 5902 3865 9806 7637 7574 3760 2063 7095 4026 3998 7 1694 4542 8893 9296 5407 8726 5931 5723
15 8559 6536 210 3036 5719 7382 6438 9419 7043 6297 7903 8118 9496 4941 2502
10 2507 7662 7477 310 501 7815 5084 4492 4483 6152
18 113 5307 5539 6515 8705 4500 904 3515 7478 7055 562 436 3641 2152 7112 7011 9673 2627
22 4475 965 1218 6186 7602 9527 4713 9684 8014 6268 8553 238 8839 4425 6284 87 8474 7526 2251 5130 1633 7138
40 1879 4507 780 3414 6985 3439 2128 6213 4643 5021 1521 8182 8869 9838 3075 93 7363 8492 2762 8470 473 1964 4217 2991 9958 2615 291 4116 5275 5178 8180 5276 2827 5252 7412 8089 1497 5434 424 5173
19 1815 3910 8588 9286 9705 846 9763 2565 9867 2854 740 6509 8526 6525 5355 5505 5128 1998 1087
37 1724 3572 9255 9830 6450 266 4297 1189 225 7278 3146 5619 7169 8598 6800 6085 3443 9460 8688 1058 6414 201 6790 4082 4175 5078 7336 54 9032 5834 4179 3250 4041 4267 455 4311 5501
40 3564 2520 2711 4733 9654 146 7732 8854 8694 3981 546 3648 7984 1338 9604 9436 9541 153 4634 5042 4002 6129 3674 2719 3320 340 124 651 3941 1380 3162 9942 5037 4392 390 7269 317 9782 8463 8700
28 666 9731 6821 523 7132 3256 8601 8400 7782 6366 6734 9665 8920 6229 5997 3164 4933 165 7225 6954 3254 2886 438 2287 4723 1579 4133 8874
30 8587 2424 1755 830 5815 135 4344 8190 7066 6868 7604 2601 3377 283 4715 4912 1806 2500 8181 9991 4381 1162 5151 7473 5773 7955 341 1952 7069 7410
32 5402 332 4115 4017 4050 529 4989 8510 286 9322 9987 2715 1041 7566 4893 1690 4100 7354 1596 3144 8754 1744 358 1574 3678 5197 3240 7481 197 4976 1642 2273
24 3147 7263 9358 3 8750 1953 3241 6014 7582 2398 9870 6267 1906 9367 8531 6395 5354 4283 4434 7664 5439 3987 3107 3724
38 2278 5500 35 5495 8937 2425 1587 3434 2160 8620 9303 4856 7259 8644 7407 5730 5083 1395 3328 2947 2197 786 8628 7371 6827 3730 5199 6929 6520 5075 5131 5883 4813 2961 6433 3737 231 1510
43 6044 3029 4223 7102 8434 6580 475 9538 1436 7092 6243 9644 6120 1747 1692 8511 2863 9152 3123 4843 5000 2582 3926 2965 9235 6532 7887 6980 2029 8660 6835 5745 4367 101 3744 7539 6097 2993 8145 5718 4295 1887 3664
21 1353 8448 3398 9019 3811 7351 3962 214 5136 1618 6869 2752 7747 8457 2328 7625 1241 7181 2562 3705 4040
25 2297 4924 5600 5098 7461 4963 8381 7584 334 6299 2226 7670 1648 2066 6472 5028 123 6435 6700 7673 9025 7001 406 2755 5720
9 6418 5808 8088 5384 3206 8723 9058 1798 9910
14 7711 4720 507 6523 9645 7282 175 5635 5201 1555 3809 1599 1137 4241
17 6794 4255 3424 3375 9100 2992 8034 6814 2745 4585 2758 8394 6627 6676 9317 4042 3313
35 1794 6123 8328 3680 2409 5409 9478 8830 1330 4608 7262 5411 3862 6987 7718 6167 22 6801 8039 9961 7921 7598 2199 6935 5010 6310 3733 5177 848 8626 5657 2689 5760 8137 2664
32 219 9503 3739 7847 6270 7808 531 177 4105 6880 1741 4232 1065 6604 125 1266 7661 6180 7121 1373 8757 6660 9695 7765 5015 9338 1303 5044 926 6246 2864 4750
40 3655 1588 3566 767 5366 3205 2122 2076 8486 7770 8638 30 7823 3501 3222 5256 122 467 1889 5722 6572 983 4674 1811 917 5549 1556 3063 1242 2775 9434 6209 8380 1408 2337 8722 5361 3218 2862 20
10 6662 4910 497 95 2323 5441 1763 4418 5455 2845
37 7709 9316 9625 1873 9158 1684 8523 3047 6197 8798 4677 9526 130 1197 8926 8576 1753 863 7865 1770 8669 8076 1717 6154 3878 6351 2028 9096 1157 6183 5974 7268 4691 3184 579 8770 1569
32 3667 5285 655 7342 5579 6319 5550 5074 2035 215 6579 5583 7288 5929 242 7944 5479 9348 5416 7932 2676 7919 1703 3456 3071 9759 598 2210 5446 8106 1705 1653
15 6269 9385 9179 6034 2385 7466 2355 384 9980 3154 4343 3977 6874 7556 7433
6 6745 6886 2907 3258 7972 4736
26 7108 7811 5306 9734 8225 1255 5155 5389 870 9774 3001 1049 9253 2387 3427 2058 3728 5634 246 9057 1467 7073 3520 9938 3279 5665
20 2324 7768 7406 7492 2787 1511 425 7078 1709 4776 2078 9882 4290 4312 5216 6858 7015 3297 7751 9906
28 2589 3596 9851 1206 1453 514 8981 6253 6519 2808 8475 4351 4620 8141 7753 7531 3545 4166 3332 2469 2392 9875 746 6941 6317 1052 3690 8941
28 8029 4088 7737 1503 9249 8072 2340 9967 6486 5849 195 997 7725 420 4252 6315 3649 3768 2750 2968 2188 2815 6496 8232 4568 9589 2983 224
16 2429 8699 493 8940 9381 8652 7933 8815 1595 5481 3909 8904 9592 9462 1000 6441
32 4877 9452 4885 284 8991 3602 7840 1369 553 137 4496 2388 6163 9141 3404 6830 6375 7999 3808 1094 5950 6988 6233 270 6109 4183 8005 7744 4337 5659 8008 7527
4 5991 2887 180 9803
23 6529 3329 9974 9078 7174 7580 9897 643 2541 6363 3387 4001 7420 8776 1975 7027 5038 6330 9600 2067 927 5058 8119
35 7064 7196 921 9177 9639 550 6751 7164 5664 1348 1383 8383 6042 6047 5733 7260 8200 3076 654 6528 2018 7212 8065 9059 5315 6599 882 5469 3633 9067 7083 8313 9120 6917 6458
6 3358 5919 7902 2193 2449 5244
8 7948 5573 7233 3260 7476 1278 9371 8847
28 8711 5045 5768 5472 5785 9136 9917 8471 1291 2294 6054 5427 2895 9108 1370 9672 5418 7756 2262 3492 5922 383 8091 7303 327 5592 9776 1038
15 3333 1002 1768 1591 9994 6137 6530 771 6504 3006 2517 503 2889 1284 5471
13 9626 4260 4575 5650 8681 8219 3624 8214 2482 2234 3946 4471 6521
17 5971 3614 5835 3300 5002 7646 7365 2068 198 1974 3431 6499 7981 7784 8482 1614 3032
43 2828 9246 1630 854 656 9037 9273 1239 6842 5187 2415 1168 833 5959 1069 4247 9330 9758 7298 6187 3630 5778 8048 3399 104 8720 6628 2081 5772 706 3548 4131 2705 8781 891 3932 9339 9451 3042 4393 8123 472 5586
38 3527 5948 248 5662 9949 1565 6584 6639 1081 4213 2191 716 5039 4566 7900 686 4368 9863 9732 5220 2254 3704 7695 621 4427 6500 6878 6419 4151 7144 2830 9808 5521 2064 58 7509 8211 5174
35 3239 2899 3951 3066 2973 6575 4109 6597 2126 3465 4236 2386 5824 65 9219 6953 543 7626 37 779 8153 4489 6823 3979 9400 1707 4514 3884 8777 4574 8036 31 4741 6405 2897
17 1228 4537 9954 4358 4847 4954 5612 5765 4146 6892 8899 3322 7669 3422 6944 3984 1134
10 9090 199 4656 6836 3666 5428 3026 4796 1190 7951
11 9864 9680 7609 4449 8534 1071 8928 4469 446 4446 3755
12 9020 6879 8687 3851 8692 8931 2311 8143 185 5906 923 4823
12 2296 1421 428 6058 849 6454 2368 3482 377 9132 6527 4811
24 1803 1098 6312 4198 6102 5520 6543 6224 6555 7851 2701 2022 3407 5013 1374 9005 9493 7184 1120 9168 6978 3871 7881 8618
4 7325 6753 9723 9359
26 6900 9406 1959 533 5012 8682 9346 2023 4850 2943 738 3391 7486 2466 2459 717 8633 8714 834 8891 7136 2843 9764 6242 9304 6748
37 8787 5112 2916 4658 8615 1667 9242 7971 2477 6681 3710 8345 1320 9361 243 1217 4430 3455 4165 5882 5522 6590 6510 9895 2101 4527 925 2779 9580 1607 2503 5246 2564 4363 1662 5563 8718
23 3245 5027 7512 5487 730 6567 1246 2104 2632 9801 1165 2873 4727 2510 1760 8608 3280 1739 8683 7719 7311 4909 2618
34 4536 9473 4184 739 933 9104 8445 3102 4415 3839 2264 5658 2373 8901 9240 866 6298 4407 6609 809 8283 1463 1853 9488 6303 9285 4465 7845 6153 3128 3836 1488 1652 4348
34 8290 2123 4194 5712 8035 4403 3038 4119 6407 6566 4113 9789 1117 8918 2561 8540 3494 9403 2452 6945 260 4259 2389 6469 7608 2816 3125 7185 1526 4577 4721 1185 7600 7742
8 6767 5748 6012 2053 3246 5536 4506 5449
21 789 1651 6634 1949 3906 2181 4664 5043 1475 6570 6593 3845 7301 5901 7807 8107 116 7886 5984 1554 820
37 7455 6951 7648 5347 7787 761 7448 7387 2602 5844 2453 2635 9440 1257 865 4921 4340 8431 4014 1592 9821 527 4529 1611 2336 9093 7517 1764 7067 5056 5691 2070 3814 5667 1837 5652 710
17 6952 9559 5699 3729 808 9363 3553 723 7590 1673 7139 6551 885 8611 8418 652 5578
21 477 2006 3263 615 3086 4734 9423 6637 6256 9786 8759 1708 573 4922 9069 1398 3637 8879 5395 2677 3975
12 3049 2573 978 8730 5255 5024 3792 491 9878 2926 759 1150
21 2166 6110 1363 6159 98 9681 2866 3079 5870 4974 1740 2545 4732 9323 7925 6010 6899 8114 6845 2964 4891
23 9046 4826 6141 6856 9394 7548 9516 4532 6491 7271 9230 774 7266 2218 8304 9292 3682 9233 1388 7500 7247 7482 5653
5 1447 5282 1880 4325 4818
33 9820 5466 5377 1904 3541 2000 8298 1487 7642 883 4884 2206 7296 1819 4651 5072 9366 9767 9630 4419 4276 1083 1661 6936 7218 2310 5162 8797 4519 4242 3718 3656 7472
40 6150 7612 4414 9412 601 2382 842 7494 4410 4326 9742 5603 9900 1465 7576 2648 7691 9221 7650 7949 7743 1982 8544 731 6803 6282 3960 4051 7396 7892 4081 1577 1954 8908 5316 7905 2623 4841 3887 9717
24 1512 4084 6220 4595 2105 578 74 3278 8326 9362 7474 8826 639 6773 1078 7798 4461 2350 1821 9124 9660 8352 5443 4641
35 6654 4815 5120 7434 2551 6989 249 5465 1568 6106 2052 4019 9388 3997 6625 3902 5180 1597 728 7800 8829 9788 8852 8002 8461 4304 3094 411 2005 9648 8487 9198 8622 5125 3985
5 1414 4629 5903 3207 4052
30 1332 9543 9401 1676 5837 5766 2359 9167 8764 5313 7286 6778 4925 2712 5930 7447 1916 1807 2647 5740 7452 1044 1149 3698 9771 810 2259 443 9214 2586
20 7891 3197 19 8848 9306 5593 7034 8953 1561 5695 6306 4453 7842 9611 4582 1876 6810 7025 712 9354
31 4984 3170 211 5678 9202 8973 4858 6393 1466 9655 5329 991 8958 3011 6574 9395 3262 9212 7291 2832 4039 9356 3695 9051 68 2301 1077 2298 3781 7766 976
35 7849 3024 200 3632 5917 4064 1613 6398 9505 1859 1862 9641 7794 5160 8063 4111 8366 8134 953 8616 1154 733 3242 6478 5754 2820 1196 2891 5142 14 9147 2683 2289 1573 1210
4 9207 5983 9824 1545
27 8489 5887 4980 1627 4869 2706 369 979 8945 7103 5564 1027 1289 63 1950 520 4110 3087 1520 1426 1161 2879 899 4769 5065 1576 8552
25 4882 2690 69 3921 6089 3215 3225 3213 7302 1007 9903 5261 5119 6918 3118 7634 9404 8818 8012 4174 1128 5833 6273 1898 7115
19 2313 9128 6669 2056 4070 4227 9489 9318 1687 2890 9907 4598 8756 6099 6477 4324 3035 5280 4622
26 2531 9925 6283 6940 4032 9194 9828 6025 5421 2522 8003 2971 7240 7449 3897 4827 2258 4215 5791 1645 5949 5003 6844 9749 8701 2509
26 1492 8739 3317 4065 6062 8239 3476 6885 4654 1424 3121 9302 4031 8516 7547 9798 7403 6712 3980 276 8361 4323 8704 7272 7655 3028
16 7186 2788 6327 109 9712 9068 9610 907 6643 7513 1779 8237 1695 3534 5968 18
38 696 2641 7000 6340 7190 3940 6316 3759 8998 6907 6331 9896 3754 4832 4689 7483 7857 1308 7904 5032 3359 7016 8779 80 3777 1214 6949 4436 5403 9715 7487 1086 2946 7869 4310 5591 2200 2724
28 9649 481 3193 5193 5301 6038 6423 2142 4248 7106 1933 7848 370 6787 5114 8365 5110 7910 1795 1285 7079 6148 5977 4554 9831 9834 8862 144
32 3540 3579 7666 4957 494 5457 2675 1985 7048 3211 7216 6808 7805 4718 3447 112 539 812 4122 3419 1451 4362 750 7241 5450 3033 5836 6349 702 8613 1093 3120
23 6361 3092 6329 8995 1913 5584 4819 4329 742 4505 331 3538 2183 6651 5319 2083 1928 9854 4261 360 1452 2227 4120
10 3410 4411 9607 3152 7160 1131 1268 6354 8658 9520
18 7864 1869 6942 3114 9751 3993 1182 9238 3228 2025 7515 2248 9073 3646 7462 9868 4275 4091
20 567 9349 2156 3070 1668 6970 5625 8833 556 7408 9398 7980 2574 6065 6011 8080 2698 6080 7713 3289
21 7293 3430 6304 5920 6710 7209 5809 1725 6082 9418 361 207 653 9279 6040 3934 7963 3702 4257 7758 8069
13 5615 3176 2717 7692 5380 4138 1780 1482 4399 6968 910 8178 5543
37 8458 5425 7243 4639 3663 1331 3842 4147 7727 9379 4653 7610 5692 3595 3877 5529 1050 999 171 4982 3130 5793 5655 5611 8233 6145 8117 903 5755 1478 3243 8139 4083 9775 432 7424 1439
33 6843 9556 8410 3605 7534 8187 8042 3345 4880 2352 4497 4224 2393 7207 6203 216 4085 9716 7570 9049 4945 1506 9465 2853 3727 4226 5311 4197 3853 4522 1931 9753 3346
30 3409 8323 3512 6818 3112 7037 8742 1886 3798 1716 4539 7998 4128 5976 78 1783 2768 5986 6629 1999 2494 3018 2012 968 9453 620 9149 8066 4504 1114
34 3697 7546 6206 3129 6498 1580 4558 2954 7567 1415 6896 7629 819 4775 9790 1391 3137 714 1682 2205 262 5068 6131 4512 5681 6324 760 1775 4201 3272 593 6448 5147 6492
12 3608 6698 4562 4950 9239 9902 3296 7721 6230 4640 4417 4432
14 3257 5721 3191 3338 2412 6235 1850 6923 2351 220 3523 1413 2709 8147
30 1384 6003 5602 6601 8245 6359 8530 1292 2439 2722 7587 4964 8917 279 9727 7720 5548 9181 6636 9578 9491 1575 5927 5489 2985 937 8959 6087 8517 3093
11 7198 5743 4887 773 3503 5095 7617 1301 4731 4127 9970
35 1113 5034 935 4202 9320 2464 5477 8367 8782 294 3466 9248 6866 8603 5523 3893 7237 2039 801 2996 1033 1469 7820 1919 5053 8315 4193 9373 4596 2080 5138 6358 7183 3848 3620
36 9402 7097 6512 5205 1245 6967 5100 5792 8843 459 993 2108 2089 6605 83 8590 4093 2137 6522 1371 2433 7177 8828 2150 4900 6626 2267 5938 5325 6586 404 7850 4181 8411 8429 9545
32 1323 8203 1977 4024 9947 8128 6013 8263 2927 2885 2057 365 3314 3689 5442 7321 5274 1567 4053 2772 339 5706 5987 337 7367 3131 2637 3143 1279 6950 1680 707
32 7810 271 6645 8085 1181 3694 6562 8236 3597 7624 8105 9225 2116 4251 6855 5565 1719 8805 2097 1712 1107 2692 7279 9567 3872 2196 4996 2786 5758 7356 9097 6342
27 3311 8784 9602 4838 4853 1629 4518 2451 5739 6372 4370 7327 6037 5823 5286 6553 4600 8685 148 258 371 4611 5494 2609 5854 4725 5273
13 1883 3160 8464 7663 6484 85 5221 5967 8243 5907 5226 7376 8122
28 7028 8447 5686 657 6538 4636 408 1045 3293 614 2513 6888 5862 7250 3379 9350 963 2030 1432 2590 784 4005 8716 6032 9792 3224 8884 2225
26 5858 6004 9874 1023 4045 5877 149 806 7591 8668 3888 1996 2858 8305 3670 1103 4707 427 8386 1698 5599 5896 5616 5798 3749 9430
29 8024 2079 2357 1102 984 982 1693 66 8996 6784 4772 897 7701 2308 6539 2708 7571 2239 7238 1174 7358 764 5641 9656 4901 5623 6994 8337 2117
15 1838 7347 1433 5005 3753 1029 2341 1832 5589 8971 45 5993 604 4949 3791
25 8698 7451 7372 3325 9341 4123 6336 4301 724 9017 27 878 4719 6497 3726 2699 3864 1481 4998 7880 8838 6981 4185 8535 7223
19 5218 4164 718 2497 952 2075 6426 9228 4800 4235 282 5478 7023 5399 7863 3113 2773 9700 3723
25 1874 9678 4456 1470 3556 5122 1810 9480 3660 6776 2214 850 8975 7295 1249 8392 6623 2792 8913 2588 8479 7087 5202 5312 4553
25 9935 6747 5507 6293 8796 5116 2192 3930 4523 3267 3115 8946 609 7060 5115 7480 9713 5800 410 6368 7801 7565 3284 9560 4865
10 7020 9815 856 9182 2781 4528 5444 3056 8865 5672
31 6656 2293 6563 7554 3818 2776 254 3247 7812 4204 4212 695 4388 5167 1538 8415 2189 3342 9047 2514 4889 9618 9615 1362 1070 4545 7803 13 535 3903 8594
24 6502 328 5829 8915 9524 5751 4786 4256 7498 3896 3895 6451 1921 1905 1525 4947 7781 940 6204 9725 5614 3198 9728 7621
38 7114 5213 5711 3083 3420 9617 9858 665 4433 1051 352 3432 711 2515 5794 3323 4988 3340 5166 8169 5157 2447 7969 6588 5863 2331 5638 6549 3558 8514 2624 7427 3003 2592 7166 4897 9311 325
10 2736 7678 7854 8321 5596 9210 4905 7391 1826 8740
18 7575 1037 9148 5339 7299 5905 3171 9535 7332 7495 182 7696 9609 2326 1473 3238 8519 1948
11 3918 945 1267 3199 5663 9044 1679 1235 7330 641 5141
21 9985 7188 2791 3200 3583 8155 3230 3007 5552 8524 253 5945 574 9932 9365 1691 486 4860 1847 5973 7393
14 1192 174 5763 3217 3089 3153 2824 4766 1582 9309 8508 349 7281 3064
10 3005 2780 1381 4317 4347 2430 2759 3586 7783 1247
12 9920 8803 975 7613 6378 4336 6860 8972 8709 8912 3861 5020
21 8149 6658 4048 7208 121 4768 8650 126 8960 1761 2285 1125 6667 2010 1711 5223 9088 8982 9061 2019 3528
21 7140 6068 9485 4602 4914 9127 2406 1294 8038 6591 2504 5496 6894 1238 532 7559 6933 4315 2679 4057 6870
12 9463 315 128 5182 9199 7211 2585 5087 4559 4646 8000 4580
33 3651 8713 3050 4938 5690 1222 4593 9284 1109 2612 715 880 1799 8075 1861 7009 5364 6779 6995 6798 4663 4067 3397 5696 3916 4118 2800 2929 1849 9200 1570 7017 3643
19 3546 9691 9804 9633 2288 5340 71 1243 6577 5144 4774 3745 4466 9290 9711 1327 7146 1646 6919
36 3990 3403 313 2261 4862 5679 7276 2809 9812 4074 698 484 396 6873 4168 4746 1035 6928 9674 6382 5203 6126 8944 551 2932 5703 237 3716 4284 1490 7953 8488 5413 6258 9990 9573
32 8557 7357 9579 4366 1942 7697 5001 4300 292 2810 2547 5176 3770 8007 8624 8767 7757 6513 2793 8336 8528 7031 6371 9352 9063 9271 8092 8942 5404 70 1378 9329
38 1227 8630 5090 3544 5240 772 2831 6279 6081 1583 8864 7562 509 1644 5708 5462 9667 2319 5133 3470 7394 6325 2400 7331 7786 1119 5483 2655 2158 4923 1540 413 3464 7348 2474 6070 316 7002
31 8302 5875 4482 2577 6274 8671 636 7761 9160 6699 1429 2906 7065 5379 2850 2443 9428 6205 3511 6490 4650 9587 7979 3504 5145 5146 3604 452 4077 9004 6603
36 4056 9137 9965 5816 2754 3315 4724 2977 8257 8956 9624 7898 3163 9333 9880 7094 7529 7520 2413 9708 8357 5035 154 9050 7616 3815 9603 5461 9777 7836 7039 5978 5388 8939 1343 2276
36 6139 6168 502 2036 2663 8665 7901 1169 1079 4756 7501 9424 3418 8444 7145 3174 928 2281 5872 4135 1031 1387 2084 7583 9293 4176 8399 6347 9122 3823 2481 8240 4556 1813 6158 8527
29 394 627 9282 57 1835 4833 5212 1785 7506 561 9865 9518 8846 5165 5206 7038 861 3084 4726 9243 4995 4968 3349 12 2516 3543 3185 1718 7111
9 9459 1670 6489 6614 3390 5055 6585 4047 2813
25 554 1734 3381 2044 293 8811 7871 1493 5309 7958 6777 2894 9853 5826 3019 2168 3192 4934 6343 259 6373 5604 6051 5232 6257
26 1973 8555 1283 9300 2777 5904 7552 1535 1167 3628 6055 6906 3659 5215 1890 6531 4488 5683 9887 8861 2103 6461 8648 2312 2839 1055
30 6135 2566 2981 3952 938 8664 6157 1656 5163 134 5704 9498 2756 6846 5705 9653 9802 8322 5989 407 6723 7261 2746 944 3265 1133 763 4445 6434 2271
31 7993 7398 3947 1955 3816 9549 3866 7628 379 444 5069 4331 1790 4472 1748 670 4092 2909 3178 1743 4936 2282 5194 5828 1080 9601 5348 1043 2610 7943 6350
20 9166 457 5371 6865 9955 28 8297 1224 8522 588 981 7544 2716 8238 2219 2521 6093 1288 5057 8113
7 3202 9360 8215 8790 2940 6595 7986
32 1407 6741 168 6480 2856 8595 967 6188 9975 8266 9082 7829 355 1203 5268 7004 7021 2237 4903 7072 701 1155 6759 8570 1484 2349 2165 8222 3819 9446 679 4296
13 8158 5358 6199 3557 3972 4613 8079 7014 492 3516 6045 4273 4716
27 7346 5279 2901 3039 2272 4486 3963 4845 4916 6733 5675 8676 5336 3707 9086 6554 5414 1099 9016 6673 8825 7888 791 7409 5637 7123 2530
34 7329 9011 5017 9757 330 4990 8955 7150 8413 2630 6026 8661 202 2607 3574 683 9709 6006 6608 441 7032 8496 5270 9076 3034 9310 4751 8235 4670 8223 3797 6840 7586 5253
22 5332 7135 2444 7339 7221 7077 4569 5992 7791 7195 6083 449 9683 3437 1164 9762 451 4192 8769 51 5555 3638
25 3249 8073 3196 4035 3181 8761 5405 3099 3795 5250 1531 680 6757 7062 5016 8212 7178 9571 1786 2956 8402 2131 1456 4846 5944
34 2233 4428 4154 6076 245 9836 5260 1443 6416 7516 4824 8662 624 7726 4701 6839 3285 2580 2024 4632 9185 223 7605 1796 6429 7839 8732 8771 4755 3937 8985 971 8929 0
8 726 306 3088 6174 2369 7485 2490 89
31 5491 7255 3537 5628 8493 7912 2979 4089 6910 8857 8617 8334 5323 3761 4898 9337 3968 1976 433 8442 9258 647 8417 3383 5574 4671 4480 8712 7338 6291 2448
15 4387 6765 4661 9297 1550 1346 8368 6190 4438 6872 2145 3080 392 5790 8171
36 817 3575 4080 7792 9254 3542 8093 6305 8585 6237 2505 1791 1638 9479 90 5911 1516 996 8810 1941 7723 2555 9855 1498 9445 4306 8408 3581 3309 804 6401 6594 8589 9637 1701 4277
12 7687 5393 1564 2591 7632 8845 7158 7395 3327 3687 980 2169
12 7435 3936 8097 4573 2803 4095 4431 6817 5544 4383 4203 6650
36 1860 1995 2305 6133 7364 8338 1160 8737 8099 3790 5514 3454 9397 9879 6262 510 547 9295 9664 7703 6091 6568 7244 3306 312 8276 7859 8924 5845 8696 4785 4149 3741 8226 758 9677
35 1406 409 3615 9018 5351 3370 3829 1412 3901 1752 7194 9844 118 9992 3799 2501 5908 7620 4993 5738 9688 3361 264 8388 6690 2743 7826 7597 8503 5942 5077 7026 1115 2540 2055
13 6377 1199 2124 7511 3219 9953 9773 4697 2211 8078 9646 675 5415
25 1773 6200 1986 1319 2054 2204 1501 855 8763 4373 3060 8900 8466 7992 9126 4294 7705 9689 2628 2307 1014 667 9277 8808 7133
39 3758 482 6966 8194 2857 102 2771 2802 7411 5099 1455 2875 4491 7197 1603 1317 6345 8325 6339 5357 4876 8495 7914 3525 227 4579 1548 6001 7736 1895 6624 6688 5185 1379 7959 308 8096 8 1805
40 6404 7314 4630 640 9805 161 419 9164 8272 2315 3373 7763 2179 6226 1468 9862 4468 9933 184 9899 3136 9102 7945 9598 9969 2778 8592 1462 1742 9332 6468 6796 5580 111 1536 4927 3012 6364 2090 4186
27 190 2782 7464 4021 4591 6542 256 9643 3413 2325 1606 4395 9111 9989 6079 3318 5916 3552 6516 9206 1021 8451 8919 5198 7165 7219 1562
10 8967 5985 5840 1594 8260 690 9014 9176 5859 6479
33 3236 1251 2783 7438 5375 2343 7729 5014 350 7749 4221 9408 4086 2151 8291 6326 173 9686 634 3573 787 3955 5761 8172 569 3363 6428 6890 6731 8364 9223 6481 6260
23 4352 1430 4477 2048 2910 4550 4033 2684 6743 9884 2414 7099 9422 1163 7155 2801 6427 2014 6015 3041 6576 2185 7058
7 6740 9405 1399 9231 521 6018 9380
36 6780 2106 498 986 2613 4171 3451 9165 6094 7915 275 5534 7231 5040 1337 1988 7397 4970 1450 9506 1187 8887 3000 1732 5297 3658 2970 5787 4760 2925 1600 3886 4180 1180 1602 9334
17 5881 318 6526 39 5952 7636 3366 7143 7793 6974 5519 278 4710 6714 2279 8330 8278
25 6189 3833 7193 633 1422 7883 189 7745 7081 64 5386 4206 7045 594 744 1649 2841 5061 9175 3078 1502 8632 3355 3367 2376
21 499 6739 9006 8646 9542 692 1854 3650 7328 5271 9509 6691 1108 2987 140 7484 3180 5047 4479 7731 6439
30 3276 1852 6409 6413 2442 753 7113 611 8506 3190 6902 2640 2558 2125 1871 5171 4992 924 3796 5958 6308 748 8583 2365 6661 4603 4448 7868 367 1344
36 6884 1030 6029 7386 3879 7558 9962 2107 6882 3496 7366 2670 7525 2535 274 322 7750 1654 2789 6219 9053 5149 5585 5946 2727 5454 8706 2266 1549 7540 9555 4977 9123 3591 5029 1410
36 6485 8055 4863 7884 1537 9466 1902 4244 9077 9272 8952 6696 3186 6857 4997 3416 4543 2231 3212 9957 4694 9060 2454 4822 2232 8537 7780 5965 3100 7159 1366 9154 6348 3665 4320 2658
35 5227 8573 2825 415 8529 5622 4355 7274 6999 2989 3425 3765 4981 7560 1307 304 7340 537 7071 6947 7897 7752 5759 1385 9973 8393 2223 9145 2747 2094 4364 5150 3172 9827 8019
21 9698 2511 9631 3051 6399 2207 7134 6610 890 803 4762 2283 9327 8600 8409 1915 4416 4231 8070 566 6288
36 8932 3891 5771 3433 1175 3775 1846 6422 4270 7940 8378 7234 777 4714 9859 4699 5210 5470 2345 2804 6176 9929 9372 1533 5789 1237 5518 673 3944 4401 2704 9960 1514 7834 4695 7641
26 1778 7122 5764 9155 3699 2438 5786 1047 2837 2017 8432 8314 3374 9663 2826 2195 2069 5752 9794 9905 4303 1903 8607 8265 796 3812
36 3640 2714 8425 7631 7277 2171 4007 4944 1872 8481 235 3673 1967 2375 9163 8270 1714 9748 9886 4890 2685 2739 8280 3059 8643 3440 229 7593 7307 3460 5581 1064 6993 729 9131 7131
33 3826 3104 3426 9138 5241 8637 6832 9054 2072 2882 8984 3757 1420 7130 2109 357 3013 1666 2274 4831 6791 7541 2403 6254 8497 7491 8579 299 6631 3787 3417 3400 7795
30 1609 1186 5756 1963 241 1762 1884 8882 7187 7659 5356 3203 9298 2417 3269 2978 7402 8294 5963 7377 6289 8679 1347 2822 1585 302 8083 8453 9227 5841
12 1024 2212 3570 9988 8261 2876 815 9386 5741 2542 5886 6063
16 7804 9038 2257 558 2860 8604 1122 7954 4676 4753 5429 5242 5964 6088 2032 4592
9 4693 1524 417 3885 1855 1546 2302 6191 8480
36 5237 6202 9819 9410 4587 751 1647 6460 6344 4802 1620 3157 9632 6824 1771 9848 5689 2874 6415 9816 7454 9966 2487 5832 158 9468 7308 6166 73 1127 9540 8507 5362 2821 3478 4662
43 7156 2748 5049 3475 3783 9144 5847 40 4117 2467 7381 1643 947 1368 4167 9784 8799 67 9407 2139 405 9554 7153 6977 4044 8855 5419 1375 4187 3639 632 4952 6259 8853 725 9642 6702 3140 9793 2253 3611 9736 2659
11 6735 5387 5732 6000 6544 4191 7938 5368 2300 5939 2508
15 8783 2539 1817 2486 505 8423 5251 1617 623 4918 6151 3860 5458 8044 6016
30 864 9613 6173 7682 8191 252 7171 4623 8228 9513 582 9001 5092 8693 6982 9079 2950 96 1092 7767 7738 9094 8794 7324 5048 6445 8174 900 2814 7049
17 4208 3368 9487 4782 8167 5453 300 9070 6056 821 7817 6864 395 9968 5569 7581 1722
23 4467 120 4279 5073 3161 7292 2303 7443 1616 6144 9529 3996 5321 8056 7523 644 5322 8684 1809 4820 5876 3259 3631
22 9347 2426 4455 5516 6475 5553 536 7875 814 7923 7973 1401 1917 2317 5231 9040 9414 9013 1665 602 831 778
5 873 3098 6728 2633 7206
17 7210 8071 4012 7578 2201 1971 2182 4551 2446 3703 6828 480 3671 5731 2007 3712 3021
17 3294 5510 7446 2654 4652 9561 7746 1930 9729 4426 4667 26 9943 3438 9193 8596 8319
21 7320 4170 4020 5287 81 6850 2867 1831 3722 5878 508 7712 9043 1310 6926 5979 1737 7950 3014 9977 5063
36 3138 6125 3453 5601 3585 7323 7595 9134 5082 969 9810 5713 8159 3622 3277 7651 4473 800 3748 887 7734 8335 250 344 3506 3151 7306 4991 6028 4413 1507 3742 4049 5476 8054 6111
13 5480 2710 8405 2855 6411 4510 3441 9797 2606 7289 5436 1359 7404
23 8459 6786 7117 4250 6009 1721 2696 3609 3290 6719 2930 8500 3210 4314 320 6223 129 8775 9978 8476 7853 6090 4604
41 2026 6164 6547 950 9511 1349 8780 2680 6677 5219 6775 5670 6184 3661 6281 1130 6816 9783 414 6833 2682 1782 2552 2587 3446 2416 3794 6668 8677 860 2870 7074 4908 6250 3612 7057 9196 2221 1290 1318 3857
33 2538 2896 1200 4137 2570 119 2291 2760 1166 4628 8988 3536 4825 3235 9112 4345 6763 6337 727 6720 3852 8977 9115 7127 429 4700 4054 3715 9781 2833 7537 1226 9766
9 7779 8176 8807 9583 5969 1713 635 5370 557
11 7889 9030 267 4006 9441 1534 4218 1446 7995 9530 6795
28 4873 4959 8614 4854 3669 3565 9741 4397 4638 8312 5556 3133 6462 9376 1911 6806 1236 5473 1604 8387 8873 528 9945 4932 6675 6276 2265 6384
37 4511 4635 4404 9562 3058 823 7633 1263 542 285 9623 9724 4698 2479 9022 4688 3266 333 1275 5687 5796 2871 7168 2868 2666 4816 721 324 5775 5423 4610 1060 1095 2847 1972 3562 8957
36 1013 442 1804 7934 4225 6615 1601 4396 9564 91 1364 2246 9324 6838 5559 6443 4642 8533 8933 8872 8258 4560 4631 7656 2419 4684 7030 5365 3303 6867 9551 9048 4633 9909 5647 437
26 3291 4607 7205 5143 9894 6043 689 1253 8539 3982 5827 1816 4386 3472 9760 1483 5096 7983 9432 8183 9971 4308 9669 587 7824 6453
33 8792 2603 5540 3022 6474 4913 8504 6904 949 7532 5105 3750 2884 2931 7806 1394 6708 3610 495 2994 1945 4801 5966 2974 8734 2149 5918 3226 2136 7740 221 948 5547
