29 6428 7337 8017 3333 7744 2752 304 9537 1770 6764 1354 323 9728 4612 7509 9002 4027 6306 5399 8626 748 7902 2250 3354 3120 3279 936 9555 8395
27 45 2698 5583 1835 5658 2101 3079 9327 7473 9368 1003 4382 3028 5947 9729 3799 5001 5708 6333 6144 3861 6679 9686 2214 617 7474 4188
26 9475 846 191 3698 3050 704 7296 243 22 5704 620 4533 2314 7276 4424 6965 9726 7479 1335 201 8863 4319 3219 7951 6149 519
33 156 9447 9460 1712 5942 4455 9097 2053 2771 5760 6711 4857 8245 7766 6429 2010 4883 3301 9683 6326 7143 8643 3549 8064 6122 9859 8088 4961 3406 9774 5489 1345 6279
27 1566 9336 498 1737 8526 6676 8687 9203 4679 9090 916 3568 9424 1736 6078 1632 5841 9195 7825 9684 3823 6541 2434 8606 7164 6052 4775
29 4467 9740 4757 170 6125 5742 1477 9531 5601 1889 6449 55 6665 9334 5114 3113 507 9701 4513 8030 8427 8393 4459 6503 3607 8484 1211 265 9481
26 2995 6931 9236 7161 1465 2622 8646 9220 718 258 8989 1661 1856 5577 3250 8034 9528 1284 7085 8951 2978 5016 4105 7029 496 7234
36 2717 328 7695 7894 462 9907 9955 365 2950 9851 2175 3532 8013 4504 3548 4092 3246 1188 1498 4373 8975 2411 8537 4595 2831 1463 8635 372 8648 8174 9112 4973 9071 2895 5361 5453
24 7849 8870 3462 653 4252 2774 6559 8040 6707 3095 7321 7058 5373 4815 6724 1748 1475 9472 349 809 1287 4380 2850 9770
23 6430 7031 6463 6000 6049 3651 1676 4374 5579 5833 361 6403 3109 2839 8817 913 6034 6126 9225 6782 31 4643 7341
28 2870 5149 8356 7699 3953 8053 2701 9874 1898 7483 6690 5440 4428 345 9716 2315 7159 3820 8171 9009 8930 9550 4369 6637 8891 7841 9431 531
30 2584 2713 3856 2785 4122 6864 2037 6910 5051 4015 7768 3777 1986 9370 6345 4167 611 6802 5331 1591 959 6109 1570 661 8788 2718 8024 1559 3555 7010
31 5254 5197 6459 9095 1257 1913 6616 4550 888 9457 9954 3215 6630 8131 1747 805 6540 6079 370 7255 797 1372 316 1583 5665 9667 7617 2904 3697 9403 582
28 6975 9699 4009 9831 606 4524 1127 5838 7955 7645 3464 8489 3389 4125 7248 8082 3473 8795 1107 1183 9020 4531 7125 6654 5032 3101 4526 969
26 4891 3505 7979 7230 1178 795 4313 3341 6412 1557 9365 1145 8422 1456 3535 6387 8703 1561 9298 1208 1966 2072 4571 1022 7362 7688
33 9191 8121 5944 4701 4217 9397 9752 7715 5671 6286 1121 974 2547 2276 6025 6951 5808 3377 475 7556 7932 583 5212 8419 2515 3624 8676 4296 6260 8409 7852 1350 7756
28 3636 3827 8128 9913 6363 2141 3177 4697 4250 6779 9943 5253 8238 5768 1392 9011 5755 595 4812 7940 9972 9063 3424 4664 4337 6169 119 8618
27 3353 8440 6959 7798 4629 7408 2435 1839 9442 4579 7525 310 2080 2082 7725 4727 3869 4406 8480 4924 2543 7657 2079 616 6029 2670 4978
24 5482 3383 2396 4716 8884 3804 8620 9240 5035 8967 7554 6945 5006 5746 9893 923 2641 3133 6799 5408 5805 448 8070 2494
31 3187 8896 6729 8566 9669 8072 8293 6341 3326 3803 4880 5028 2243 8668 452 1023 4919 7242 8901 5827 8497 8321 5853 6118 1646 8388 7520 9759 3859 7631 2016
28 4611 271 2876 9190 5210 3299 5235 7815 9110 5442 3356 3705 8490 6439 2043 8158 6695 2898 6568 7302 622 186 3936 7968 4256 6173 711 2084
22 820 5136 6117 1776 8615 6292 956 9267 1082 872 6115 4471 1606 9046 8303 5745 4242 10 464 1786 1404 561
31 8598 4568 6655 3866 1024 3536 4307 5433 9795 4190 3678 1193 2646 9012 9993 9187 3795 9043 8807 8990 1918 4056 4846 7749 8275 9181 3369 9001 7553 4548 3048
36 719 7639 8586 8120 1448 289 1095 8798 4205 6740 8493 6188 7122 7863 778 1544 8864 6220 255 5464 355 2650 4982 1987 315 9313 9146 50 9948 3351 6713 4517 6633 4881 1868 5707
26 7138 436 528 4870 5207 1985 7381 6710 8235 5293 7419 7282 1147 7893 6334 8396 9511 5605 3935 5141 1686 2203 8660 8774 3580 3767
26 9392 8948 8399 9940 3855 3036 4795 5424 8036 2654 7336 8855 9923 4207 1584 9846 9965 2787 4022 7339 5234 1378 9148 4600 2809 1648
29 3016 5388 7395 2836 4917 6563 1674 174 3158 7484 7387 3834 777 4862 2348 6977 803 8116 7040 8822 5630 5364 1328 9886 8695 573 5430 6883 8816
21 6507 5555 1275 2930 8991 4486 9675 5183 7761 5998 115 1308 7615 2256 3371 9711 5414 1018 5936 2099 6835
35 5832 6001 2793 2916 3682 2013 294 8933 5863 6112 2238 141 2832 6515 2028 1988 1459 7431 1068 369 775 5081 2488 2022 4731 8059 469 9722 1974 6478 8197 6415 2848 5002 2157
24 8141 6980 7402 4279 5333 5680 473 4692 7916 3212 2651 9414 4177 8200 8827 5078 4206 8101 7376 1812 5725 6377 5216 6804
26 9106 9747 5031 1410 1758 678 8462 3479 8322 6697 9812 1395 7560 1490 7973 1353 3853 2972 7889 3569 7 2471 7101 6022 717 6157
26 681 4766 40 2239 4476 1659 73 8865 4828 1012 9491 4306 313 1524 3065 1137 4839 7585 8444 260 9086 963 7714 1509 1323 8799
25 2038 8835 7329 9790 6752 6567 7062 4021 4582 2316 9455 9609 2432 4609 4086 8524 9245 2856 7998 3214 4586 6142 8351 9556 2451
31 6570 2765 9743 3385 1590 9273 3851 771 4193 4370 3784 5397 4818 7824 5282 8826 2369 96 2889 5037 303 7064 5655 4972 728 2865 9508 5560 4981 6722 6216
24 327 1191 7115 8890 4001 7870 4387 5935 7455 6666 4519 3817 5488 9278 8882 9794 7834 6734 5641 3933 1297 127 7805 9837
30 701 8286 108 952 4495 8958 6212 7142 5879 7950 1168 7432 6763 5073 3463 8960 56 8900 4202 5931 7095 8473 9663 3874 8622 8043 5870 578 5320 9138
26 1826 1365 4169 8875 1250 9428 1133 9892 5315 1132 3166 3825 609 1838 2951 4059 6946 8156 6064 9341 118 5515 6308 9916 2936 8964
24 7674 7787 6407 171 8500 3528 4630 5976 7784 5687 4728 9051 334 412 831 9214 6195 786 8302 5629 3663 2123 1778 6441
28 5835 5564 8919 4046 6102 6815 4514 5157 7693 565 8988 8917 569 6354 7941 1489 6063 2666 5971 9469 9998 8869 8809 2934 4038 7090 8167 2367
24 586 773 1925 1842 8885 6275 3164 7605 9854 4204 2412 116 1029 9595 2290 4299 6394 4102 6579 4366 7508 8305 1473 124
26 3440 5326 4878 4067 7867 2375 2477 5366 3515 9466 4074 6996 7233 8982 3567 1702 4618 2449 1949 5710 1061 7647 8077 9767 5410 1289
28 7782 1437 6250 421 5 9272 9425 1304 6084 1516 7039 2148 2632 4011 4080 2792 6759 5468 279 9746 4308 29 3352 9517 9064 8596 1653 973
28 4182 275 5129 5585 1229 308 6686 6393 1707 5568 7377 2811 2500 8109 917 2462 3193 6417 2362 6875 8570 1953 1443 4222 5466 1503 5561 6588
30 8044 8504 7309 9150 3744 3741 8022 3785 4110 1233 7071 6651 2520 7308 3382 6895 6521 5340 4405 165 3749 1827 2503 5624 8554 6041 7156 8918 3530 7264
27 7277 534 8143 665 1890 899 9235 6550 7304 4032 9007 4749 4617 7146 2283 9564 7500 1652 3732 8405 6467 5190 5342 4905 2911 3913 4300
31 3155 8434 2769 1049 4587 134 8741 3465 9870 8318 1405 6114 7035 9344 6611 3400 1781 6336 8379 9897 6984 8280 506 4624 1978 9025 9143 3758 6038 4747 4789
29 8078 6214 2933 9378 8575 8006 402 3489 5802 2835 753 5412 1044 6829 9207 3888 4955 3376 481 9401 1343 8229 4463 4907 4984 7166 6626 4364 8636
27 8858 6897 4944 8949 8277 4530 6099 4264 8894 7785 7025 1761 6502 8051 5531 9140 9471 7578 9144 2460 8735 5172 9069 3583 3404 6235 8909
31 3873 4303 7216 7864 1053 2914 8714 7668 4076 2337 4031 9737 9093 9793 3147 6684 5727 3599 5154 3852 2726 7241 5626 5452 8772 8203 44 940 2400 2968 4063
28 9601 1807 2860 4718 5610 489 6437 5969 893 1349 4882 6456 9651 9 557 5775 2224 7999 7079 1625 7582 5788 9331 9661 5812 7089 4956 1363
28 3216 9695 6635 5109 2323 6105 8249 1610 2909 1708 7672 6552 2606 8538 3771 2551 14 4070 2270 549 7530 9108 9353 796 2779 7837 6898 2406
28 3491 8657 3694 4084 2359 6128 841 2917 4785 4062 8623 933 2699 3923 5220 1416 4623 8720 7425 9518 1755 7905 8576 4631 4840 3421 6161 849
26 1579 4501 8654 2482 1152 8381 2738 437 7614 9704 4906 2354 6749 6836 153 9630 3056 4491 1617 9605 9608 5286 1714 6867 6960 7652
29 4523 9718 1062 6151 2570 432 3292 4304 1342 9308 3546 6862 3982 1102 6692 2821 6302 7628 7398 7372 1476 139 6316 8818 8749 8353 5481 3071 7162
27 4119 7984 9787 6983 2126 8454 9986 5012 3364 7032 5847 603 4633 7681 7155 8196 3790 1366 6035 8664 8719 8308 3706 6929 390 7004 4690
26 9180 3076 3579 6482 3764 6618 2531 8000 7135 199 8189 4601 782 9196 5810 4187 8312 28 2669 7734 7713 4020 4947 8240 1665 592
27 3831 5903 5112 7351 9515 62 8201 4350 8645 5502 6820 6310 237 5093 6418 8732 407 1169 1336 4654 9911 8397 9715 9450 1119 2273 9700
31 3766 5756 8851 9251 2940 2963 5483 2768 7359 9439 4745 1620 6256 6225 2426 3849 3893 337 9122 4493 463 1075 4675 2553 6077 2257 4702 2942 4274 6240 4418
27 1813 7781 2418 1197 5456 215 1923 216 106 5512 7390 1307 790 8505 564 6192 866 9570 7994 6839 8557 5981 8637 1071 2386 2528 2423
26 3709 8797 6677 5416 167 4069 3281 9660 111 7727 5411 9935 4149 4482 5957 7879 1084 1251 242 7967 2938 3664 5372 3857 7996 7364
27 1999 5984 5669 4976 8697 8913 2450 3745 9186 8904 7743 353 6849 3839 3778 7493 3605 5614 1910 5799 6896 7862 1912 752 4798 5685 1990
33 3922 5837 3452 5334 9702 5151 1961 1430 4273 7745 1980 9720 7958 4100 6612 2004 1853 4368 3213 3068 6739 8947 4711 8212 8065 8940 1951 4666 439 6755 8298 7422 8479
25 577 2332 3172 3762 8193 8937 3272 3037 5142 4095 7037 9529 4952 8115 7587 5643 9103 4404 8459 4770 3739 2926 3173 2807 4539
30 8786 3361 6093 2469 9967 8726 1258 9289 5189 4547 2833 9185 8915 2237 6438 7737 9653 3432 9085 3792 4508 6401 1041 8521 5025 4326 2533 7970 5375 9841
25 6042 8383 6425 3099 8663 1593 8679 4185 2961 5434 6708 1092 1867 7429 6809 5477 2333 5288 6662 699 4336 1277 4271 9765 5029
31 7653 3693 7638 8438 7986 6995 1441 5714 6703 2233 1852 4375 2397 6948 3094 9279 8560 9050 2564 4893 9156 246 4709 2529 2694 3098 426 9023 6542 1690 3517
30 8424 4481 5751 5148 7845 1969 8957 3090 9975 5570 2919 7036 2825 709 4986 2981 5732 6492 1033 7027 6571 8361 5518 6273 8527 9320 574 8539 5779 6091
31 3875 1824 1247 5846 5740 3735 9454 5705 2279 6658 2021 5757 4792 2068 8889 8611 3629 7346 2204 958 4261 5893 921 7461 7052 5985 47 8374 825 3422 2630
26 526 4765 1499 7144 8737 720 363 3402 5290 9672 7258 4448 4340 2692 414 7495 1384 890 2317 6636 5657 7517 4688 1136 5007 1199
20 9413 4318 1631 785 3556 2176 5578 292 3054 3409 1195 4359 1510 5715 7490 7505 8306 2264 2487 4635
33 5014 4246 7042 9785 8471 7721 385 8154 261 7305 8734 5395 954 1406 5767 6075 6930 2419 5199 2229 100 7373 1164 7057 267 8690 441 7354 2571 3906 953 5897 411
28 1717 1364 3476 4195 7773 2018 2403 8316 5311 76 8278 9996 48 6204 4557 9929 8984 4439 7599 9305 614 5039 2360 3729 3588 2959 6442 3529
27 9168 4066 5077 6150 5868 5102 2138 6299 499 9994 5023 8907 9618 6006 3963 7221 7357 4725 9048 3578 5009 7332 9912 5950 4680 4674 5930
24 8220 6671 910 2599 5520 3033 7748 4997 3146 259 6433 6545 1013 6050 5131 9083 3395 2676 1658 5521 1518 1115 3979 6264
25 9049 4494 9213 3899 3149 6504 7980 4621 5425 4272 1589 5405 1319 3730 7948 6453 8972 9567 1733 4216 8014 948 7106 9535 4037
32 3387 2604 5826 2024 2439 2574 5223 7105 392 6183 9179 4918 99 7018 7378 52 6494 9509 5061 3809 1324 3413 8531 8853 6548 6209 3661 6360 8784 9330 1315 6413
32 9159 5492 6258 768 2346 164 484 2132 4542 5701 8552 9218 1796 4098 3609 7033 1832 4509 4453 4837 5111 6131 5328 9259 7287 2405 1682 6783 575 3074 8360 8194
25 4078 810 2767 8421 4722 3625 7338 5369 7876 1688 911 7077 6365 6861 2727 6288 875 3052 4073 1527 2275 371 8819 3444 8314
32 175 8740 3044 5461 9621 1210 2339 9391 3151 5887 2722 8499 5404 9372 1126 5450 838 6726 1654 6939 8138 9125 6346 2575 6909 5615 4138 843 9293 5928 7272 4087
26 6423 4807 4957 1398 3898 9302 4672 2947 9835 4127 8976 5600 918 3220 9483 440 1732 524 5362 3270 11 1337 1762 5780 7978 2783
33 8995 6597 2442 3919 1505 8701 9165 8834 8441 8089 5584 1389 4546 7739 585 9673 830 8425 1710 6789 864 6297 1922 9206 137 1005 7486 6717 7478 7729 950 2956 3952
26 207 7011 9385 7232 5307 6859 3429 3078 3277 6434 6780 6337 5800 7196 1887 2321 5920 5335 4537 6661 7152 5593 3289 1484 7854 8753
28 4935 8730 4632 2 404 4817 7538 8572 3167 1519 3835 8562 5024 8334 3495 4700 6768 4861 9386 136 6108 2102 6089 2383 2510 3161 1739 2681
27 9014 2583 7689 4386 6822 5990 4487 6162 5769 1081 1419 2998 2761 7831 264 6134 981 4570 755 8403 329 7687 1279 3197 6776 4235 2497
28 2851 23 6720 2874 6756 6030 684 7800 7240 7671 9526 4732 7928 3360 9389 1894 6146 9626 3916 4142 9369 2824 9572 8002 4437 9697 7471 9604
25 102 1339 8083 6278 7158 8257 7054 8076 3340 9910 865 2342 8401 7285 8331 2277 3230 6355 1500 7128 5402 3909 4532 3345 6121
31 78 7606 9417 9804 4050 5244 6556 9825 6747 1098 619 3743 1915 2743 2949 5958 8758 4498 3445 7034 4968 5792 25 4008 509 990 9615 9444 4923 8715 7527
29 4768 4390 7648 817 9772 1794 8564 2489 6473 8004 8215 2044 2800 274 505 9473 2827 5544 7224 8716 88 3510 7810 891 1967 5698 3870 1993 694
31 7584 4338 3302 9079 6790 6966 8634 8897 1836 4588 5100 8025 9375 1724 5329 6999 4892 8821 9464 6100 4814 1973 9985 3761 988 5992 5225 1580 9398 5257 224
29 9888 698 416 3582 515 1412 466 8001 5822 8309 6989 1000 680 6696 7558 3960 588 1931 976 6047 632 2751 3948 5882 4590 951 518 7534 7456
30 9435 281 3903 9966 357 2519 6267 8528 7580 3892 1650 5015 7924 1571 2445 5393 500 1101 5807 7137 6465 9657 7523 20 8712 587 8619 4111 8114 9958
30 2209 3179 5721 1614 3306 3391 5478 8831 4953 8458 5700 8794 4130 2887 6298 5152 7013 9292 5688 8016 7685 9574 8342 3224 8770 3237 2448 5953 2134 7414
30 1574 9692 5528 1809 8950 5968 3266 4887 703 2331 8581 9883 1872 3670 8507 9158 305 2757 5287 4704 8692 1605 3538 9978 2667 6136 9423 1638 6969 9204
29 4189 2496 1734 9797 3323 5912 2129 2797 8377 8588 9173 686 2923 6352 1621 1413 9197 8288 2697 4847 6827 19 7945 3053 8485 7463 368 2530 6627
27 8946 1846 3765 61 3560 6123 7086 7061 8793 5384 3035 3798 7344 6670 6628 6725 8230 9337 6934 4234 3655 4733 7738 8744 2786 362 1397
30 934 2766 7186 8678 9019 4834 4309 5323 3858 3427 689 5222 9087 8813 3310 8509 1885 9355 2714 2181 9641 7366 8301 8359 374 5813 6181 2594 202 2994
23 7426 9820 2813 69 5436 4314 9184 4889 8944 8857 9309 1314 1873 4855 1050 6045 6987 7971 767 1506 1454 6688 9358
30 9189 7297 8227 9755 9817 158 5228 9622 1932 8005 2009 7068 642 8350 6378 5840 3944 5270 3319 2128 9875 7780 6831 1528 7140 6602 6059 4827 4714 9932
19 1141 816 7439 1241 33 8469 2286 9677 9081 4829 1451 4522 8313 9758 9062 2282 730 7938 4625
31 6229 4236 6890 8547 2395 919 2744 1895 1310 6385 3280 9482 9703 5332 6388 4743 6706 4328 3571 354 2700 9730 8800 1334 1481 2884 2721 1705 2059 7187 8009
30 4466 766 2557 8733 7790 3019 2838 8263 6675 3487 413 7802 6238 2390 1929 5718 5652 9757 2130 6850 2492 7168 5431 2461 8965 8556 4908 5276 4791 3143
30 4052 3551 2263 9891 4573 706 6753 173 425 6795 472 9919 9057 5451 7112 4414 6530 4033 1780 3261 9807 9137 6031 9114 6370 607 7524 1361 8037 9255
29 1048 3720 2351 4754 7458 3417 4942 2674 2142 8476 4844 5281 3011 2617 512 1382 4555 2029 2665 4198 6116 6455 3154 6053 1626 7050 1540 2661 4331
27 2805 8394 5886 5675 7116 3881 319 6218 4388 2260 1303 1458 7199 494 2593 9405 7225 3550 4939 155 1982 6911 4811 3633 5470 2587 4171
27 3423 3878 5908 1558 5460 5744 2057 7598 975 674 8649 9949 7257 9249 6878 7088 2108 2484 9867 7686 217 5873 9301 978 4895 3366 9354
24 6950 9506 7575 1612 5670 9172 7317 5403 8055 1880 6719 3368 6544 9326 8599 1640 8973 5264 9623 9201 8708 8516 3962 1946
23 5919 7047 4170 2459 9027 883 2983 6277 2867 5894 1553 914 3437 8333 1291 5563 142 2566 9881 9713 9285 6303 6179
25 1572 9568 9073 9773 3917 2673 3587 2318 4559 1647 2808 5063 4199 7102 5594 904 1806 7874 7659 2732 3141 8567 5937 7322 6148
30 6392 3991 7496 1325 4391 9915 784 4282 5556 1897 7462 7243 5124 403 3132 8095 2206 887 6249 5186 1043 5494 160 5753 8802 4196 7726 120 1001 4977
33 4960 7539 1186 34 6402 2140 4249 7482 221 8050 9133 1149 5523 7268 7522 4153 2370 6457 3441 8124 7307 4244 3880 5977 5871 5088 754 7807 9586 451 3202 6135 1651
27 8097 7793 2855 7253 9123 5066 6500 1735 6236 7835 9979 8721 3695 8142 4669 1567 4780 3408 9532 3843 1979 8508 3627 7342 8658 3008 3021
28 9371 9992 6935 2304 4144 6242 1639 5177 8993 1671 8330 4515 133 9411 6321 8759 5924 5447 1581 4143 7226 3523 4210 5359 251 6305 2829 6511
31 1769 9589 6265 6819 4717 2253 1220 8711 2770 7866 2687 3802 4822 9862 7830 8801 1091 5581 3657 5493 1426 7627 4075 7048 4741 6076 2862 5398 6184 6955 2623
28 152 6664 8327 4156 7952 393 5857 6615 1248 2891 6454 8661 4128 1535 4112 9553 5672 5034 3980 9977 3841 9032 787 1798 3457 870 1367 5690
31 660 5476 6410 5144 3443 8532 5053 5071 8224 5592 1825 1630 1128 3449 9261 2151 2187 6396 7848 2045 3690 3789 2035 1814 876 7228 6818 3311 5960 9829 4871
31 6808 3235 8850 5553 5310 3954 2747 6766 5303 6572 6329 1435 5441 2817 6539 112 1906 2684 268 348 8662 5321 8738 6899 9198 7601 4936 9244 3467 3872 6065
30 4071 9727 896 6421 555 3040 4900 59 6927 7404 8390 5265 4351 9400 6180 1376 4752 4023 3999 827 293 6560 3483 8836 3687 8981 3652 8105 2585 7899
24 6424 6687 1036 7244 2401 1151 9853 1871 5514 8214 9332 3435 5720 5731 7292 4451 935 6852 9620 9557 1834 3239 7741 9918
28 5057 1125 4057 5938 7219 3811 5522 3203 5168 7847 1182 5080 32 6968 297 9426 6712 9266 591 4816 5785 5091 2927 4228 3959 5161 2215 4916
29 1587 9443 8406 7120 8234 4286 908 2609 9362 4003 2735 924 7953 7499 7546 8867 6124 4389 7646 4029 9013 9377 1685 5549 8750 2041 2925 4135 6090
28 5046 2335 2228 7084 4186 5654 9540 3830 1032 3494 600 4317 1469 8996 7438 842 3714 6071 2336 5946 4615 5543 7008 6435 7839 8307 7215 3116
26 8849 7704 4951 3350 3518 9263 343 3871 9415 1792 1861 7466 5854 5804 4335 299 5640 7433 1757 1026 9275 8905 8672 5747 9383 5486
28 9111 4662 3492 5771 1491 477 5117 5125 6300 7680 8593 2799 2705 1870 8279 5104 7200 9427 3885 1252 2180 3200 5922 1318 455 9134 7261 5988
29 6197 1896 4751 6509 5308 9489 8791 4472 3813 9420 2382 2262 1642 7099 4139 2658 2110 6967 3093 7452 1497 4999 235 5569 5256 2119 4268 9860 1177
27 13 7569 9224 82 1795 232 930 6409 670 6914 7370 5905 8761 4258 3512 5040 7365 4868 1729 6132 770 298 2991 7972 6660 5280 4771
28 4764 8669 8977 7421 8625 6211 9494 8577 7038 5533 1371 3502 8650 895 278 4693 5651 9644 5194 7497 7892 8433 1538 7930 5736 2431 1106 7260
34 7937 9470 4650 9384 6868 5693 8176 630 1302 2846 2522 1460 8666 1176 7043 6892 3753 6048 9617 2663 1623 9783 7325 1992 6420 312 4783 1957 5391 8792 2371 9645 7021 5269
27 9714 4433 6003 7449 627 5229 5368 43 8873 6584 4500 7284 2495 9118 9008 4845 3043 2173 4894 1478 2964 7711 5459 501 8402 7654 2149
29 4974 5008 9441 6871 3659 1608 9751 6255 3114 7117 7896 2853 980 135 868 4835 8332 1401 4332 8908 7236 6083 8705 542 5319 808 8018 2075 2288
33 3590 8183 687 9492 7279 5910 3680 5525 3348 2470 1680 4040 5036 1919 3807 210 7700 1351 2929 5927 2208 9005 3768 4569 4651 9652 3478 6 2093 8987 8986 5021 5284
27 602 7566 159 4068 9408 4784 1260 8651 5682 3854 9084 8641 1431 2474 6024 7682 922 5730 8519 2910 104 9318 8632 181 467 7966 447
31 9321 474 5917 7581 3322 1554 2218 3001 7592 1218 9545 3955 1056 9792 6772 3470 1341 2299 2023 9333 2438 9903 9291 7551 4061 7616 1881 2814 1928 4594 8465
27 4141 5653 2005 7384 1217 8410 6359 4931 734 4262 6672 3846 1034 6646 664 9325 5642 5252 4865 742 6004 6774 4705 1939 5918 6947 4678
30 7576 1512 8152 9942 5475 4214 676 2352 3091 9753 4724 9548 3194 7990 7846 6044 7844 6147 7673 1 6476 3414 3600 8021 4121 2284 9170 2088 2380 8631
31 570 188 3064 7742 9115 4053 7087 5506 4348 3313 5509 5791 5913 8426 6291 2372 8168 7676 3329 3244 3077 3738 9105 5339 4449 6489 8811 8747 6506 7435 2213
26 962 3632 548 6889 6280 6167 1730 161 2011 1045 3454 9303 7300 6208 3674 3971 8587 2490 9265 8104 814 9953 7991 1079 2901 9784
26 7883 2607 5967 874 5895 2353 931 1076 9898 1253 5070 8222 9736 95 9507 9999 6110 8674 4854 7548 2074 6907 7477 4940 6810 6202
30 5465 227 3932 2526 7607 147 2322 4527 4684 4047 3407 997 6367 4215 178 6742 1713 5631 4162 4133 5891 6458 4024 543 5300 6631 37 882 8941 8385
26 4065 457 3618 598 6936 5258 8237 3731 0 3544 4647 7059 6701 5067 254 6714 471 4572 6140 1388 2597 9022 2626 6573 5178 9418
29 7633 1746 5516 7769 690 4089 6553 8627 6847 5749 546 6882 7586 6398 604 5627 4740 5733 3428 3140 6642 880 2063 399 240 2385 9971 4708 6207
32 7662 6497 854 5181 1243 2136 6874 1064 8723 9842 2325 9228 1701 1135 3152 2219 3814 3013 8491 8921 1850 7827 3676 7933 8902 8994 5729 7789 8583 5877 1773 6172
29 8099 3911 1670 2195 6445 1588 740 5348 4394 4048 177 4263 3362 5964 6814 9845 6716 4148 7757 9674 5205 2941 1569 3206 1628 7799 8032 5526 6806
28 9488 4392 7358 16 5612 5945 3332 5166 4809 8262 2457 4064 1483 3063 3180 9264 7808 3737 1273 3017 8748 6583 3135 892 9099 5787 8132 75
30 4753 3128 4769 4910 3992 4393 81 7840 6436 6750 3110 7108 9490 9959 623 1488 1117 1216 7550 4528 6903 8157 2117 8922 8535 192 4683 6217 2561 7207
31 7914 3025 5557 8166 2640 7650 9777 504 6794 9599 6419 3185 6230 3865 594 7939 9855 673 7882 6380 1225 2227 8997 122 7535 5449 3752 5633 2616 4540 6055
29 8346 1860 7416 3412 2642 7660 3545 6531 3058 3020 331 7884 8796 8139 2245 3046 3773 7571 3862 1989 1633 5571 6431 859 9679 2999 8640 5204 3810
23 7148 6600 9685 4200 3733 4948 7513 8389 1290 9575 2355 8185 6072 4492 8304 6020 3338 9602 4381 8060 3931 1954 9577
34 3363 7545 1387 7096 9646 487 3259 2135 663 6912 964 7393 9314 9126 5781 2050 2878 4161 2708 3824 3776 7262 7507 5743 8923 6158 9691 351 1995 8165 4353 5365 3188 4915
31 4322 9887 523 9257 8297 3268 1787 1996 4298 2334 2937 2788 3850 1189 8296 8512 2463 3894 4213 388 6518 8684 579 6477 7301 1347 7791 4384 9452 5618 5107
32 7427 1312 554 8624 7985 2746 4553 2762 6361 3882 8123 5474 4774 359 2121 8378 9453 3939 5884 3378 8457 154 1438 3689 3309 932 2812 5559 1385 2789 9152 6491
35 4804 5130 9117 5881 1515 6007 851 107 2562 3912 7415 5314 1493 2826 5352 7459 4180 1494 3401 1927 263 1611 8199 672 1984 7434 4729 3084 9124 4877 638 4682 4345 1235 7492
29 5777 3833 8934 7481 3845 1131 9585 2242 5074 4856 1548 2502 3127 628 8348 4120 1536 3204 3162 761 5271 433 8430 4012 3930 7107 9030 5609 5717
25 746 8983 1822 5082 8494 3439 5390 3715 3105 1402 4430 1847 1719 418 8702 9070 7103 3973 7293 6694 4613 8343 8895 6821 2217
28 4852 5241 8400 2212 3783 2728 1326 8877 5603 4591 6178 5782 2683 6741 1070 7053 9297 649 2174 9316 454 3115 7182 7073 9633 3601 5591 3436
27 654 5511 5128 60 9719 4627 6643 8914 230 3262 5064 2122 8824 7712 7298 8370 4438 2118 5103 7469 6986 5538 7413 5948 9580 7270 3227
24 138 7331 5896 7526 996 8541 871 9760 6582 5691 9091 1457 2979 7912 6760 4860 8208 1296 4772 4593 9208 6311 5374 5392
34 1965 6770 4458 9612 4867 6990 927 5090 6160 3336 384 4823 5200 2686 6484 6228 3129 762 1720 8868 2598 5979 6107 7669 3032 7454 1782 7600 3374 7154 4735 1550 7697 7722
27 9543 2795 4896 7519 1750 1414 150 9436 8483 8943 3131 8446 8814 2185 9830 8847 3248 3372 2696 9357 1663 7658 7583 8979 4998 4767 4576
28 1577 7251 1139 2756 6876 8368 6727 8609 7988 7927 5146 3069 7131 4564 2913 6018 1879 5540 8223 131 1224 646 2073 712 6366 5849 1255 4963
26 8057 3181 1956 9559 7976 5797 5396 9798 2955 1564 9952 8007 5443 3677 6432 8087 8155 8495 8839 5469 8357 7480 5728 2008 98 9741
30 9988 4922 1113 2430 9590 4302 2908 6978 6276 5597 1069 2408 5848 2730 4551 9931 8190 379 1088 4094 7635 7067 5676 6194 5120 4746 5809 7319 788 6656
27 2265 352 4773 7026 2966 208 6411 8517 2595 5429 4028 8591 5761 6483 5356 1613 1941 3252 727 2476 5380 8823 2523 2957 341 7502 2107
33 1386 1595 2297 1818 1976 6516 1236 7891 5739 5878 5401 4079 1643 1226 3986 1723 2685 8345 7692 6653 8029 7217 801 9171 6549 7269 4849 3111 8110 2031 6730 6632 8694
28 1109 3972 1926 979 5867 4858 9338 2183 3379 7076 5497 7150 5994 2015 9047 17 7956 3223 3358 8079 9205 7139 9582 8559 6068 2268 283 5885
31 2378 9850 3316 2384 9937 9989 9848 5496 4782 2255 7157 9068 3806 8630 8362 7124 4610 6962 7003 7710 7797 9493 5576 4620 1669 3713 7544 3717 1533 9607 3082
29 3123 5383 3534 5206 5387 8204 3667 1882 1259 6860 6069 39 5162 7005 4723 6846 6953 9419 759 8856 7736 4912 3688 9766 2976 3993 8582 6498 9163
29 2672 1942 3701 7871 3150 7147 6580 9485 5159 8289 4691 3925 5309 2465 4420 1963 8295 2660 7283 7814 458 2240 4209 7220 8363 8068 1150 6737 900
28 5500 9131 879 9356 6215 8911 6097 8616 6174 2404 8066 1905 8787 2527 6376 912 7684 1696 1110 8838 8985 8112 2104 6972 9927 1727 9410 9802
30 2417 7205 2649 144 4824 6718 9242 7441 3558 4145 5068 7267 2019 8601 6594 3837 5013 5389 9017 4372 4225 6855 5011 6569 6784 427 9991 5317 7315 7326
28 8709 6623 9052 1080 1042 9725 5406 8876 9562 9917 7195 8347 8938 2645 9256 2424 8283 8276 3728 6381 4211 6342 9221 5294 547 9113 2678 6405
33 5062 9538 6154 8026 8745 7625 6520 2710 8920 2613 420 7078 2511 3484 5550 92 2675 9448 2741 3073 6106 180 2246 9516 2750 7311 3864 9536 5582 5795 2709 1672 8887
24 1641 5467 5997 9754 9229 4950 3770 1039 7536 4101 6813 239 6721 3889 2695 1156 7832 7403 6067 9210 4505 2618 2291 3006
23 8551 1130 5185 3623 970 6994 7869 1692 3794 8755 5108 4288 5230 8355 381 3263 2932 9193 8777 4995 5734 7926 9154
29 7324 7720 5134 4219 15 9546 9324 1759 4958 7942 636 2720 7919 4598 713 4280 1828 2945 326 6199 5421 8656 6700 1699 8451 4320 3148 4685 819
28 4077 5529 6382 6283 3049 1198 4452 6535 9178 615 1329 4002 5974 5118 5132 8475 5546 1537 3884 3485 1432 4324 2374 2638 9542 103 9003 1099
30 4398 8432 8513 9352 9076 8754 5079 926 9317 8391 7873 3134 9739 7663 8886 5606 4525 9077 8429 7506 6165 5019 8647 6499 7280 4197 637 6271 1184 1445
23 666 7511 1425 5973 8540 5360 541 1525 6312 2892 8147 4456 3686 4090 2882 716 9566 7113 4362 2866 6823 6513 1185
28 3511 4166 656 9304 779 8108 7028 5010 7703 9839 6206 2944 639 1636 4934 6384 2485 5060 1619 2081 3673 1811 9788 5215 65 1615 6663 7690
29 3815 5545 9956 422 4005 6036 4969 5748 4229 7401 4281 123 3981 6272 4776 5758 4118 6120 4987 6949 2628 1843 7204 4039 5527 2572 4592 3106 2518
34 6603 9756 9930 8530 3238 3703 2920 7944 3513 4831 9889 1749 8284 3273 8899 5993 7130 7859 5505 6353 4787 2272 1230 7716 346 4971 9167 6317 8736 860 1916 6974 7886 4964
28 2182 9136 5794 3410 7295 9147 9393 5045 9689 1742 6010 125 2464 7044 2193 3641 7570 1624 5099 3787 5607 4173 3447 857 77 3226 4832 5991
24 4760 688 1704 8503 3671 163 9407 8506 5439 9254 7328 9871 1262 5214 4541 6685 6023 944 2159 695 7770 8236 9873 9600
21 445 6888 4034 7842 9939 4483 6606 1709 5834 5874 8610 9981 6964 5620 5933 9374 3614 9476 7214 7861 9969
29 7828 612 2524 4442 4639 6902 2039 3086 4657 9964 1948 4813 6462 733 1886 3419 4786 2580 3189 9379 3848 2537 2834 6762 5712 4354 4254 511 85
27 3236 4507 2042 9816 6657 9565 6738 1767 789 7610 6145 7340 8883 7557 8780 9169 1346 6678 4301 1513 6241 8179 6887 2844 5285 8548 5644
27 9282 2241 540 6554 132 5022 1174 5312 5508 4988 9664 5259 9287 4160 6156 1453 3418 1578 1116 4233 3497 8202 3712 4367 5548 282 8096
28 9925 6475 1148 9836 9721 1592 8488 4457 1120 1837 7531 5661 8639 6915 1171 9421 8999 4738 2702 3337 8467 5437 566 7100 3138 7921 4184 5211
29 4473 8472 915 3373 7177 7777 9495 2542 4652 4163 203 9970 4344 1321 5962 6924 1450 2754 6285 9000 1157 6771 1731 3081 6011 2706 287 5789 2338
29 5798 9200 9175 7383 5052 8569 209 4325 833 4168 1960 5306 9902 751 4113 3650 985 4604 7170 1162 3022 5180 1375 1237 7731 7997 6842 7368 8311
27 9215 1038 811 2399 6620 4248 6816 8292 1693 4431 8892 2790 4713 6375 7126 2226 3574 4103 6127 9521 6070 1232 9335 9805 6901 8228 9724
28 6669 6319 3987 9042 8833 5224 4575 597 7664 2928 529 9434 1352 7172 1858 3222 7573 5047 1090 5684 3521 1546 8685 9082 7788 2902 1399 5473
30 2993 2803 4060 89 9627 2137 4323 9762 6015 5279 8939 109 143 3942 4072 1173 650 3088 992 2742 6095 6880 8071 2190 1017 731 3083 2444 8268 4901
31 7995 8205 3051 6234 8841 4710 1907 9856 35 2247 7597 3144 360 9089 5818 1695 2576 568 9359 3927 64 1471 7083 9541 8287 4510 8533 1634 9463 2810 2582
32 6845 3772 702 8829 8699 9268 721 8418 5637 4251 3905 6472 8067 1214 2818 406 7012 982 9312 9409 2425 9345 6043 2688 3966 2160 4927 8731 966 946 6843 3386
27 1472 5049 2777 736 8936 9329 1657 3724 3683 3228 3191 5694 7949 1046 234 7758 335 2596 7446 9132 3613 7440 6490 1655 4962 1508 9895
35 9155 9288 5608 1285 3598 4400 4123 629 7239 3420 1549 1423 881 7771 9809 5417 8435 339 7114 1517 514 2364 4043 5986 483 6349 8411 9819 9524 4619 3589 6189 9349 2436 1766
29 3256 7179 5069 6699 3126 8162 6262 1222 2064 8603 83 6976 2852 2235 1866 1054 2475 7898 4164 2344 5164 9775 423 8929 7457 2170 2516 5042 1911
27 3145 6062 4088 2736 5171 3610 6205 848 6715 2509 8878 4136 8752 4943 3897 183 6466 5385 9946 7451 9569 4450 5261 9904 6598 697 5193
36 993 1143 7574 8781 6928 2350 3707 1025 9241 7621 6985 7467 1299 1602 21 4284 7623 169 2387 999 4051 478 8563 6957 3788 3566 2816 5004 2025 1997 1449 3760 1801 6404 6017 1921
30 9340 3482 2965 2343 8681 7259 3225 1917 9182 4413 7330 4833 4873 5828 5048 6362 7881 7963 967 9088 3365 4007 5363 8326 9813 2796 8241 6074 3901 4419
31 558 2202 4091 2085 7992 7022 1865 311 3904 3654 6824 4178 6773 7072 6486 7001 533 7069 3895 599 4806 7198 2875 6103 442 2627 6447 6397 7885 6088 5666
32 2452 3782 6610 3640 2293 5999 9322 7176 8727 9936 3182 1725 110 878 7503 6033 2539 7877 6182 4761 758 3891 9597 2455 3469 6926 2269 7900 3958 696 9404 2659
25 671 2000 3844 2201 7430 4788 2298 7751 200 219 5501 4914 7701 3723 2216 5572 9026 6081 7562 4426 3450 2094 641 2985 1268
28 4616 6347 5195 1417 5696 4694 5587 2707 8617 2924 8191 1934 710 5072 3747 5695 2753 3276 3964 7465 2294 3559 7542 9900 1263 8272 9786 470
27 4661 8590 6046 6444 7299 9350 2194 356 1242 7209 9412 223 781 2973 2549 5487 3822 3255 3564 3691 7594 8706 7618 6916 4762 9869 7348
28 2636 6578 7020 4126 4933 6322 8756 4231 8328 6793 1777 3908 84 6368 2893 2225 4843 9162 7821 3023 9065 7119 9710 4026 6028 8743 7747 5517
32 7822 9104 5889 1014 6092 7890 1597 7579 8250 1804 4315 3130 257 6252 3685 863 2704 9232 7081 7829 6853 1563 3357 2486 4563 8449 1311 6745 2441 2249 5681 1596
27 395 1407 7109 4636 185 8518 5843 290 5904 2590 7706 2780 428 1142 3639 5357 6958 6314 6894 2366 1902 4409 737 749 8945 9827 1154
28 8407 4543 667 5940 6519 6979 9885 2230 4687 2124 8956 683 57 5268 8773 8269 4429 5203 8998 4265 7360 113 6832 9041 6881 7470 977 5562
30 9872 4949 8177 9933 4777 5313 2058 7872 8478 1603 4158 2055 2178 394 1507 8871 5943 4819 4496 7023 7624 4208 9399 9036 3257 714 856 8916 3334 4712
26 6190 5113 4909 4622 1740 4566 1541 739 1849 1206 9072 6811 2724 4603 2845 5299 6884 1058 5094 129 6066 8045 6798 7371 8932 7936
31 2823 4671 1424 1768 5815 5574 1604 6427 6446 8349 4736 7291 7334 140 8722 6908 1914 5191 2326 9119 6400 4686 4203 9306 7977 9034 1227 8880 9723 2879 9346
30 5552 8364 2890 3612 5713 813 2433 8874 7765 5490 3315 6581 4218 1482 8550 386 324 2420 4245 9364 4150 6040 7396 6533 497 9080 491 5621 9015 6164
24 1753 1831 1691 450 873 590 4358 987 4489 3434 2413 3137 3004 4911 9028 9834 2773 366 6592 3112 9934 2143 6680 1635
25 6638 5462 1964 3455 5499 8264 4117 4247 2931 4941 7237 3700 693 6841 7803 9551 2131 46 6886 9004 6222 3328 1295 1875 6587
25 8595 4660 5855 3318 5706 9183 2161 9270 6590 6098 986 5075 920 1122 7750 2087 657 4253 5888 5558 4959 1947 2703 5432 537
27 2652 9075 350 2573 3405 7249 1009 4454 9339 9067 6318 4992 3175 5648 5242 840 9896 3000 7420 9950 9523 6833 8061 4552 1678 9109 2388
29 3233 8568 9202 9522 6961 1123 2918 8256 9059 5277 1104 67 6082 5379 9712 9668 5056 613 6054 763 9319 4041 5445 9277 7705 6203 2189 1851 7153
28 3902 4397 5613 5209 659 4415 2906 8992 8970 4597 7278 5862 3742 3721 9160 1094 1439 9810 6807 1743 8340 2437 7683 1594 806 166 7772 1298
28 601 726 5237 6237 2036 1547 3647 9044 1096 5547 4019 301 4667 7118 157 1063 8031 8757 2133 2473 7634 8704 6372 3593 6254 4108 9576 4461
26 8315 5041 1816 6073 8285 5176 1810 5407 886 1002 8844 3284 4599 1829 998 4310 884 4742 6777 2733 4445 1112 8682 7903 3403 3159
26 9742 552 417 6351 4628 6452 9223 1440 4478 8848 1679 4401 2897 4602 2466 9647 8107 2192 2127 5145 18 4411 196 8487 7568 6614
28 9284 6785 6416 429 9096 456 7915 3156 6037 5304 4266 7312 6414 1409 5095 5662 8843 5043 9779 1379 9639 7197 1790 5386 4346 3381 7655 7774
30 9211 3209 9157 6294 8613 8439 6481 4221 2179 5763 2725 8253 9247 1962 8015 5956 5590 211 8420 7133 508 5754 3526 6239 6534 652 8081 3274 3468 6639
21 8090 5503 4006 5829 792 1368 7981 1694 3416 1467 965 4549 5899 347 707 6917 5819 6327 5471 1697 1864
33 7609 90 9037 3501 9592 571 2221 5796 2591 1340 5759 7316 8398 7709 332 2857 3563 6176 3646 6873 5786 3978 7437 7189 9801 3397 2605 4000 4850 172 9687 8270 8805
28 1466 5336 4808 1051 6973 1239 1138 4673 8828 7468 5297 1309 4316 9655 2984 9060 5982 6526 4606 2356 2392 3208 1474 2567 41 7801 503 7947
27 8724 4994 5965 3620 8910 1521 3243 8274 9733 1360 2943 9780 4295 9233 4343 8254 4146 461 9429 6529 401 3087 195 2285 6325 8776 5227
24 5354 7855 9662 6200 8282 4104 1904 6233 6800 6460 198 6743 1840 9717 1338 7783 9656 364 9486 5702 6153 2544 9188 5208
26 6891 1468 3575 5632 1600 8954 2782 8840 3388 5322 8659 1223 6629 8837 905 72 7070 1844 5961 9433 1374 9642 3668 8151 9995 5823
28 5262 6245 7929 5534 8765 6027 3335 9149 5055 38 8769 858 1146 984 802 2292 9534 7959 4863 5656 2377 9680 5575 1981 3816 6371 3218 1627
34 9858 9243 1751 8906 4983 7406 3644 9078 8812 3234 7816 2935 5689 6386 9769 6026 2872 635 4106 1495 3596 744 424 6604 5087 3900 658 5902 8962 1728 5586 1288 4897 2980
29 7735 9038 7235 5345 3312 8130 3295 4181 971 745 4134 6296 2280 822 1280 8341 6904 5790 7630 756 631 1180 7904 7895 2483 8810 8935 8893 6952
28 3611 3503 747 2578 3 7149 3949 3100 6872 4497 2153 1085 8686 8148 5026 955 8271 6469 8380 8881 4176 3438 8219 3451 2716 2969 7399 9941
26 9890 8961 2152 3324 6925 9974 4355 1344 6919 1219 1020 7407 8691 861 815 5485 1763 5150 9239 5338 1065 9468 5232 2828 1891 277
31 9328 862 9591 8431 1278 8074 397 9961 2158 5911 7202 8689 6856 1799 1292 5219 8597 6009 5422 7476 3007 148 8767 4744 708 6139 692 105 8501 5844 5638
25 1764 9584 6474 1442 9761 5619 6309 901 4562 1301 6954 2759 9823 6649 9465 4475 562 206 1874 3014 9045 8959 6524 824 7178
27 8267 7335 1124 3411 5201 1944 7661 9363 8213 5292 4081 1667 2970 1272 2111 9624 6039 7563 9676 1400 4932 8169 8955 2398 9778 8092 6133
30 5370 9635 479 2003 1059 9520 7723 1203 184 5274 2061 5119 5951 9127 1618 7247 6471 5427 3096 6644 8614 4648 1201 7092 5184 3842 6159 624 4793 7887
25 7901 3247 8125 7380 3643 5598 238 6221 7111 925 2629 8859 8536 6450 6621 5098 9928 6691 668 8344 6751 4479 2306 4965 6906
23 7256 4447 9868 4535 9963 675 190 1555 560 5963 7007 3269 8860 5554 776 6219 8785 9840 2545 6013 24 8589 5987
28 8453 5245 1924 8464 5226 5086 8594 9864 6470 2320 6609 8455 5839 7171 3576 7129 8054 9512 8612 3561 2588 3699 4721 3157 1943 2781 7608 647
27 4801 2550 5952 8073 3746 1422 6746 5772 7024 9500 1899 9497 1244 7363 6624 9283 4656 4836 1265 6505 3597 1155 5316 4979 1470 5491 6561
28 7760 9166 7552 7485 949 2154 7392 7190 4290 8832 5803 189 1598 86 9776 1286 176 2347 7665 9496 8763 9637 1305 1765 3653 9094 5044 6422
31 4049 5097 9957 7694 5153 9382 9678 7464 4734 4799 6185 4544 7906 2900 5820 3801 9290 3102 2447 1480 9432 7819 8163 3165 6702 5337 6356 7002 2556 233 6014
32 2711 9031 502 2305 4926 2664 9629 6369 468 972 1908 8106 9135 7612 5330 4157 318 9040 4010 1246 4499 9234 5283 8069 8382 8888 9061 4681 4584 2054 6269 5921
29 8644 839 7014 7707 7728 5457 5301 7045 2538 6210 3456 1418 6338 6786 5239 7428 7826 6923 8136 757 1718 6324 7094 2345 3024 1313 6537 7641 5723
29 8561 2864 1556 8969 6155 5566 1390 2569 3997 5218 2274 9921 3507 1933 3584 7740 1249 66 222 2723 3967 6645 3509 5250 6248 2731 677 4556 2804
29 1187 446 563 1267 3755 6551 5850 8460 3320 1215 6213 3585 2903 2615 1052 3343 7206 2026 4649 6019 867 9603 3998 818 2478 3522 2467 836 6787
27 1788 7529 4239 8052 4152 1994 4395 4432 5382 8602 2052 2643 5852 9833 877 3525 5573 8525 3617 4755 783 7868 2885 3940 3092 2532 6061
27 7313 7015 1772 4436 5542 8178 1821 2680 431 6263 1172 3010 5027 700 8175 2975 3125 1006 1332 5858 5735 8323 6339 6943 6358 6496 1212
28 3968 330 6595 9219 3139 2841 2106 3486 6817 6331 9634 300 7989 4417 5842 8942 1819 6487 9294 9843 7389 5017 4360 7746 1010 8574 6546 5674
25 4469 6992 7636 4529 7679 117 2415 6344 2802 9502 7009 8605 8140 3684 6166 9276 2231 2521 3282 7250 6289 9865 8953 8216 6301
28 3877 4349 7494 1066 3702 6313 3267 5596 9990 4334 5106 2977 4226 7265 8498 6104 6058 7093 1087 9142 3793 6733 9945 2559 1820 7843 2296 9307
28 8039 8415 6231 3396 2775 4278 941 2541 2071 8808 2066 3543 5122 1461 8688 3662 4232 6512 1240 9611 4886 495 8102 4287 4561 145 1522 9768
31 3562 6683 182 8134 7922 9984 3380 8046 1282 7691 8442 7110 7931 1011 6893 7443 6137 1726 9252 4109 4378 8023 5816 4269 6801 1086 6293 634 3840 8514 8670
23 2414 8366 2755 6767 572 760 2207 9690 2116 6060 3067 3961 449 7410 8496 4330 2880 3002 2427 7121 2749 7593 2155
24 1938 4796 3630 7724 7543 6681 6731 939 2794 5821 3608 8413 8482 5716 9323 6905 6343 1803 2196 6769 8782 3719 5836 3232
27 8698 7173 8261 9980 5318 4137 409 9976 9908 4383 2610 3174 3983 2798 9596 1523 244 5625 4626 2210 5381 9924 2211 7411 5050 212 960
29 724 596 4259 291 2167 2468 2313 2843 4726 4440 1920 6735 7288 1968 4488 3740 8310 5617 772 6736 4663 4536 7055 9878 415 12 3645 6094 6865
30 1817 8386 928 1862 3442 4677 2410 1089 1269 1526 4945 1444 6510 7792 4779 2982 6451 4800 1502 2690 3621 3394 488 9879 7252 9253 7730 3207 3038 1791
29 8372 1573 1805 9039 1175 8766 7412 1167 530 8477 8369 7753 8159 2188 2092 6406 1552 1496 2327 2988 535 9237 8181 6290 828 3800 3938 7764 1793
25 1660 405 5595 9811 8266 9055 794 5530 5291 3251 3446 2060 8529 9587 9709 1565 4285 6373 5649 3586 8520 6920 3796 8062 6596
22 3384 5801 6857 273 8549 1055 5296 400 6648 3635 9694 2869 4737 5123 5139 8452 317 7498 3649 8164 6988 2565
31 9594 2205 7151 7603 9803 3934 9619 4641 4888 5647 3553 3121 8248 4294 729 8338 2581 7823 6788 8098 6870 9926 4558 7567 3542 7602 1396 6667 3308 4605 9343
26 2146 3258 5115 8872 1681 3541 9745 4341 70 8558 8337 3879 8094 8436 7656 9066 9706 4899 9610 9539 5101 517 4913 4422 9650 7555
26 8404 3921 5448 791 9665 2536 8728 2689 7776 3286 3631 4425 1892 3211 9734 9922 2639 6525 146 5932 5305 7754 7289 4224 9643 7049
27 6956 2330 7183 8003 2048 3291 7667 7974 7910 1194 8638 5350 8335 1144 7388 8135 645 1190 4464 2764 6840 3577 4255 1181 2357 4707 7796
30 9960 6640 2252 2555 1165 2608 7878 4004 8042 3648 3330 584 567 4748 5202 1616 4946 8291 3466 9226 6913 1687 5719 7644 7192 9947 2819 8011 5240 3708
25 3265 8492 2145 4096 2301 3669 5875 8680 8974 1545 4124 9983 7549 7184 4614 9659 7961 5866 6501 4468 218 1958 9894 556 7194
33 6330 8170 4327 8584 2295 7201 6971 9006 4140 7423 9216 7104 539 9681 7888 4538 5272 9480 3142 3342 3969 3294 7169 6848 7445 1869 2393 8376 3355 1446 8187 7294 1738
24 2163 7397 6778 7367 5251 2429 9571 8642 8150 6586 2020 7962 844 4902 618 7964 7565 8126 4848 4270 6704 1316 6673 6625
30 8579 1271 256 8063 1562 6485 6395 7046 5355 4665 4223 5137 9250 2014 1774 4637 367 6223 398 6087 1649 5089 1529 2302 9962 1800 5344 4518 7806 7559
30 8085 6982 7394 5182 3275 1677 36 6328 204 3229 7925 5083 5347 855 1744 2739 5978 5378 2740 7210 9749 2172 5892 3572 7897 4884 486 9863 340 5635
25 3581 7175 3460 5400 2873 682 9477 1322 1888 5105 1609 1317 1754 3136 9547 9098 834 2997 4554 1019 8779 1937 4352 2915 7165
31 2563 7487 9366 544 4803 1100 9416 2912 5683 7375 1411 2525 9973 3506 4689 2017 430 8762 6607 2653 1213 6270 5722 114 1841 5864 5678 7123 7533 9799 9478
31 9696 3832 8653 3937 3278 6177 4408 589 5435 6652 8182 3565 6705 9116 3622 9796 6698 2312 3552 2602 1582 1159 765 1586 2248 1266 6495 852 9847 3808 9914
27 5524 4474 8592 7516 9286 9708 7016 8012 9406 743 7875 5169 4985 4365 6170 4191 3718 7051 3726 5765 7717 1716 3459 7804 769 7850 3107
29 9054 8710 8778 1462 6304 8239 7675 6186 9658 9056 6997 387 2165 9763 214 1673 3928 3327 3638 9269 5165 8209 897 3066 7604 1015 1607 9544 6051
30 3075 4980 6152 551 7698 5298 6634 1238 4642 6547 4520 9281 8931 5869 8842 2251 7909 8336 5458 4778 4154 9373 4427 4036 2109 4646 5231 321 8265 7917
31 6227 9498 288 2971 5668 6284 4018 7957 7327 9395 8700 1158 5327 2184 9458 2300 2341 5246 1903 4879 7547 4220 8456 3498 3727 1815 8117 6266 3059 8879 7460
34 5160 1893 8118 2168 1276 8790 4377 7561 3821 3500 1370 373 3797 3392 8144 3241 376 6399 4371 9852 5484 7181 5773 6232 7640 1234 1072 885 735 7518 9505 1327 419 4329
25 6021 5535 8523 7969 4311 2049 8924 5916 8251 8486 576 991 5811 2877 1721 1706 6991 2070 8161 2002 8243 1877 8803 9018 3748
27 5030 3496 6970 9632 1560 4175 6826 7369 7405 3774 8153 1436 1097 6129 7238 5567 5825 444 4305 9920 3924 8075 651 6002 4872 8412 3531
35 8546 3929 3775 2554 26 2244 434 2147 5167 7347 7227 435 3520 2310 4521 7812 6268 2097 4293 5699 4410 58 2324 5628 2112 3245 9396 1077 1859 821 7857 2046 7677 6320 845
29 5645 7448 1330 9459 968 6005 4703 5784 6944 3989 8573 3124 3812 9010 3941 6111 6963 7762 1970 7504 7263 6517 7987 7595 8555 6921 5092 2493 5273
29 8299 3628 7060 3186 1245 1306 4758 2960 7450 5906 2946 6085 9501 7696 4851 7385 1047 4054 5692 438 725 723 9789 6619 262 9698 4058 6564 8683
25 7132 280 1531 8273 4567 1300 8423 5084 6138 5018 4379 580 3477 2125 9560 4596 5495 8608 5267 9682 5155 3547 4698 3970 7066
30 3198 8207 3201 2815 7180 4730 4874 7755 5238 7275 7983 3415 3514 9588 7853 1057 633 4321 5419 1823 3217 8091 1514 3994 4267 8542 9613 5970 5915 9527
37 1377 1037 4 3836 1004 9648 4545 1883 8655 8325 8652 6918 54 2656 4658 9311 2056 5346 7212 4970 2309 8041 285 774 3097 1945 1078 2579 5358 3995 2498 581 1601 9573 1551 2952 2103
25 9814 994 476 8903 8717 1421 6922 1689 4044 7097 391 5480 4696 8020 2114 8129 247 5498 4016 6608 7017 983 3734 3030 7540
31 5955 3169 7222 2715 850 9033 6844 5901 4116 383 9231 1207 8760 715 4825 8137 2671 2287 1403 5989 1845 4719 8580 3307 5589 5599 5764 5711 9731 4014 4131
27 4830 6879 2954 9606 8820 2236 220 5353 1028 5133 8815 8145 2416 5367 2560 9616 1114 9021 1231 4781 9176 3977 485 8218 9347 5845 7907
28 5703 7030 1196 2012 5005 5883 9315 380 3711 7374 5793 3298 5766 5611 8038 6448 3886 3359 4706 7943 9271 6259 8633 7306 79 5667 9100 4659
24 2830 6488 8027 1429 9139 9504 5925 6854 8912 8628 4869 4147 4423 6591 5646 3805 8804 8056 6558 3658 9849 8084 121 9388
27 8184 8927 7191 229 837 8417 3480 1083 4201 1163 7596 6253 4312 7778 2806 9901 6589 4159 1274 8192 8845 2308 3349 2634 9782 7820 2507
26 8502 1060 9951 130 4227 662 87 4396 8466 4720 2948 225 3271 4676 6323 8226 5236 8367 3539 7786 9503 3838 3946 7856 9296 655
28 2091 3210 1909 4802 3950 9462 2391 9437 7163 5659 995 9857 8448 5909 5752 2034 5187 8319 705 2974 4920 5221 2065 5196 9438 8768 8696 2480
26 5233 5898 6748 1760 3297 2748 3195 1256 9654 322 3317 3003 3692 9598 8217 538 7208 3976 4928 162 284 6141 6201 7386 2737 5418
31 3240 6796 3005 4165 3118 53 3242 2232 252 4638 532 907 6143 3390 989 3786 2278 903 226 6443 7447 2662 4670 4859 2729 7619 5660 5650 8585 8470 1637
33 2648 7343 3471 6168 1644 2394 610 7719 8365 8463 4864 1683 7935 6674 3975 8604 909 5504 245 6282 1977 2047 2307 7314 8600 1775 1202 8852 2454 2095 8244 3868 4821
35 929 3704 9248 3681 6032 1016 3347 5580 6295 2266 2558 8008 4511 3034 2220 1783 8534 1950 1955 8 2861 6834 7818 2443 3910 4993 640 8522 8247 8416 6332 3540 5065 5033 63
26 750 9688 2086 5472 1380 7349 9554 1668 644 5890 2859 6941 1530 8713 3287 6617 2625 9016 9199 6805 2363 6659 2778 4490 4695 126
21 3756 4794 2169 1373 7379 4465 5975 2100 4990 6693 1935 7588 2888 536 4853 1394 5872 6251 2067 2349 7134
21 4759 6765 4560 7528 7488 1160 194 8358 4179 8255 3896 7795 9295 302 7632 272 9102 8354 5686 2105 9192
30 804 6668 5532 5914 3264 6869 3346 3573 1433 2679 4017 1007 1228 3819 2534 3461 9876 8373 8028 6689 5616 269 4485 2905 1930 4820 2881 7174 7718 6576
34 1833 5934 7611 5377 1675 593 4030 7572 5188 9461 6744 74 902 1971 9035 798 6993 9844 9381 1662 30 5565 7564 8210 7127 2259 6247 5663 3221 9905 253 4890 8290 3504
25 4107 1140 5263 2633 5058 9310 3176 6171 7400 4132 9024 4421 9513 241 6792 6307 5697 7303 5341 7453 6709 8195 8978 6942 5738
28 957 8545 3119 7475 2858 3763 7436 4903 93 1532 1074 9815 2548 1320 3926 3061 938 4645 6775 4668 1722 4013 8789 8515 2501 7537 6647 7417
27 2156 4805 9826 9361 9884 3907 3122 4975 9394 9533 4640 8783 3398 5983 3290 3303 4276 8926 5174 9262 5415 4826 6536 3947 7281 937 869
32 1204 3665 336 5247 3331 4082 1542 2745 3170 9880 4055 3637 6585 799 6757 6837 5394 1161 1656 7098 9519 5814 1447 732 6761 7923 2712 1629 7223 1270 1027 8180
29 9194 6461 4480 9806 1293 9121 9583 3192 943 9260 5096 9029 8035 947 3370 1789 4534 5038 5636 9944 7254 7391 6281 1031 4608 1576 5926 3826 3375
28 482 1492 3533 6754 1745 5783 2840 6389 1420 4446 5856 6191 8861 1936 2939 5479 4750 6315 2164 6193 3736 1703 3626 2784 2376 5536 3985 8629
30 2381 4797 4937 2479 2051 1715 2801 7065 2289 525 3791 3863 3603 5428 5817 5135 3616 7591 4399 6243 3591 2162 1857 4297 480 378 2481 3829 9882 3818
32 7229 6557 314 3027 5537 9130 5020 6379 7361 8968 9451 4363 2513 4443 1585 5198 6508 9877 7779 1383 3325 8233 7732 1356 6605 4283 3070 2612 7074 2776 6650 4347
29 1599 3171 1205 9899 1575 2868 3984 3675 8206 9771 7767 8294 7838 249 1504 2540 4129 6758 812 8671 179 1940 410 3990 5217 149 2962 4954 764
33 5673 286 2069 4503 9129 3716 2166 5351 3300 7541 2281 5900 5413 2062 4565 8925 2837 3672 8667 5806 9487 8300 853 8048 9938 3750 2421 3996 1254 5275 4585 2456 9982
27 4581 2693 4715 1855 8281 6274 2601 2552 2078 7000 1698 6187 7290 1358 8578 1876 8707 3594 6938 8198 5179 5762 6101 5158 9579 4516 4644
30 4574 7752 5127 6113 2358 7637 9456 1998 4083 9781 550 4292 6287 9821 7589 213 8621 6998 9525 2271 8086 2958 1381 8474 2619 1878 621 9828 7246 3918
27 7794 2365 1779 4151 309 1283 3619 1802 4194 1797 3606 527 7532 1170 3108 6226 8461 8186 6682 6514 7954 5243 6797 8830 1105 3305 3570
27 6791 49 4099 9120 6566 1487 9380 8553 5278 5192 9750 9280 231 8675 2006 6940 7813 3754 7211 7444 6196 8252 6981 8146 5907 4502 3285
33 7613 2847 3656 460 8445 7286 7489 3887 9376 7352 521 5000 1952 2682 1452 7075 4240 4035 8866 5750 6555 3915 6641 520 296 8510 2953 5173 9987 9866 3769 2611 2894
29 7642 9791 3260 5949 4739 2258 6866 6562 266 8511 8677 1166 7860 9552 5519 5880 7231 6528 829 4333 1355 8188 889 7521 6532 7817 4339 3876 722
28 2996 8468 4238 7982 3951 6374 5726 5138 4356 3604 9499 3431 8231 8371 382 7271 5622 3184 7350 8825 3178 1200 7266 9514 8058 3168 2668 7649
24 3860 8080 3524 1264 3537 679 800 685 9274 5175 832 5972 6565 2200 1684 342 2458 2222 2089 2177 4416 1428 9968 9212
26 4634 1192 7442 338 9625 320 7629 4929 2083 2760 741 7809 3026 1664 7836 7975 7041 2871 6825 5776 9342 1281 1393 9422 7965 8898
29 9440 1539 7946 68 3009 9467 5302 3304 5121 2030 2986 9300 4045 2546 9666 1645 7141 3031 9578 9744 1331 8742 9074 1333 9563 2907 5851 2007 3399
27 1568 27 3679 9484 3722 6057 4025 7670 5420 7056 2657 5426 8221 5295 4085 2453 2402 3012 151 4810 826 2197 2990 7858 8771 6480 7911
28 9561 1030 8447 4996 6493 3781 4192 236 8111 4444 2373 9092 4376 1103 9430 6851 5741 3433 5923 4876 9649 2199 6335 2491 9705 3057 4512 3554
30 2191 1067 276 9735 5724 443 2992 5446 2027 3481 7188 9628 1972 3828 4277 669 1848 2113 7333 3089 4991 6383 7145 1129 2896 4407 9748 5859 3472 2719
21 6257 9732 5116 9549 1854 5170 4589 5343 7811 4583 9299 6175 7218 307 3751 4484 6828 2505 6008 3957 4275
26 7382 626 5966 3867 9258 8375 8673 1485 4577 7345 6601 9367 9390 1391 8133 9671 1741 9693 3296 8806 459 3493 2691 1464 6390 7577
25 625 94 8971 961 3557 7203 3205 5639 5861 7091 4212 5830 3759 8329 2631 7353 2319 4842 97 7160 5623 4462 7019 2329 8387
34 9246 3104 2090 5941 1756 2144 3283 8320 80 4938 7409 6224 3453 2033 5664 7702 3344 6119 1511 7514 1073 8113 2592 847 7193 1153 8739 5677 1209 3710 8317 5551 7063 4361
25 8246 3519 6348 1093 513 6163 7472 648 5289 8384 2967 7491 2032 6350 101 2899 6900 6803 9449 6593 6838 3988 3041 3072 6246
32 8607 553 9227 906 3696 6016 6622 9107 2001 7651 4460 7355 2389 4930 3199 9217 1830 4756 9209 5248 2886 1884 5602 7274 4790 3163 3045 2311 1543 4412 9164 4097
30 9446 5939 7918 1983 1863 4655 3847 6244 3430 51 8258 1622 545 8437 6728 559 3499 3293 8571 9614 9638 5995 4155 1479 3527 5110 2514 8225 7908 6575
31 5147 8339 3339 2472 9636 8751 5860 4093 3780 358 1427 4898 9593 4402 1294 7763 9387 5539 8414 9174 3615 5929 9479 6080 1501 9631 898 2328 4841 3956 3642
25 5325 8481 7323 2535 408 6522 4174 3254 168 3490 2842 3974 643 2077 4838 7622 8119 490 3945 3475 7913 942 3196 9161 2504
29 9360 1348 2512 4607 3757 2096 5376 5510 2989 5059 6357 2120 228 71 2589 9177 5076 325 5463 4357 6468 1362 2655 823 4042 6012 1369 1991 7775
29 1415 4989 5865 5349 4966 3367 375 9909 7960 2624 8122 7082 5770 9222 4578 2171 4477 193 2379 248 4653 3965 9402 2987 3015 3779 7424 3080 2254
26 9445 128 2614 6464 8093 2499 9808 8211 4241 4243 510 2428 7310 3920 7733 2407 807 3725 7512 9348 894 4291 205 4699 2267 9510
23 9764 5324 3914 2506 5423 4183 7880 465 8862 3055 1261 492 8259 1008 5143 8127 5996 2261 516 1486 4237 2620 8392
30 1752 1035 1021 5156 780 2677 2637 250 5163 9818 2040 5438 4925 7167 7515 4434 5541 2568 3085 7510 1901 3029 1455 5709 1900 6577 1975 9474 5513 3634
29 4260 6543 5213 1520 8693 5126 2644 7356 7993 1118 6364 2647 9906 8775 8149 9707 3458 3231 4763 945 5824 7501 2115 344 453 5507 8928 6830 4875
32 2517 1359 8565 1700 7185 3103 2409 4885 2763 8047 8665 7620 3393 522 5409 8764 4470 6877 5980 608 3666 1357 6391 6723 7666 3426 6086 6408 8846 5774 2791 3595
24 377 8543 9128 738 8718 3018 4289 4435 5249 2577 9800 5737 8242 7273 3602 6527 6937 2621 6858 197 4580 5054 3474 9838
30 3288 1040 2186 8966 8746 6538 6523 8260 7213 3488 3321 6426 3047 3890 9530 5778 8729 7920 8428 4342 9101 5140 1108 8100 396 4257 3062 8443 6732 5255
28 7006 8952 8324 9640 605 9238 4385 3508 4921 2076 8352 9824 270 4230 1221 7626 5003 6863 4441 9230 2361 8173 8408 8010 8160 2422 7934 9558
25 2198 7708 8049 7865 91 1784 793 2303 9153 6574 3314 8963 1771 2508 3253 5444 1534 4403 5085 2883 2340 3943 6932 4866 6479
